[2022-04-23 13:58:47 +0800] [74086] [INFO] Starting gunicorn 20.1.0
[2022-04-23 13:58:47 +0800] [74086] [INFO] Listening at: http://0.0.0.0:23456 (74086)
[2022-04-23 13:58:47 +0800] [74086] [INFO] Using worker: gevent
[2022-04-23 13:58:47 +0800] [74091] [INFO] Booting worker with pid: 74091
[2022-04-23 13:58:47 +0800] [74092] [INFO] Booting worker with pid: 74092
[2022-04-23 13:58:47 +0800] [74093] [INFO] Booting worker with pid: 74093
[2022-04-23 13:58:48 +0800] [74094] [INFO] Booting worker with pid: 74094
[2022-04-23 13:58:48 +0800] [74095] [INFO] Booting worker with pid: 74095
[2022-04-23 13:58:48 +0800] [74096] [INFO] Booting worker with pid: 74096
[2022-04-23 13:58:48 +0800] [74097] [INFO] Booting worker with pid: 74097
[2022-04-23 13:58:48 +0800] [74098] [INFO] Booting worker with pid: 74098
[2022-04-23 13:58:48 +0800] [74099] [INFO] Booting worker with pid: 74099
[2022-04-23 13:59:01 +0800] [74091] [ERROR] Error handling request /api/v1/mon/inputs?ip=172.18.8.148
Traceback (most recent call last):
  File "/Library/Frameworks/Python.framework/Versions/3.7/lib/python3.7/site-packages/gunicorn/workers/base_async.py", line 55, in handle
    self.handle_request(listener_name, req, client, addr)
  File "/Library/Frameworks/Python.framework/Versions/3.7/lib/python3.7/site-packages/gunicorn/workers/ggevent.py", line 127, in handle_request
    super().handle_request(listener_name, req, sock, addr)
  File "/Library/Frameworks/Python.framework/Versions/3.7/lib/python3.7/site-packages/gunicorn/workers/base_async.py", line 108, in handle_request
    respiter = self.wsgi(environ, resp.start_response)
  File "/Library/Frameworks/Python.framework/Versions/3.7/lib/python3.7/site-packages/flask/app.py", line 2095, in __call__
    return self.wsgi_app(environ, start_response)
  File "/Library/Frameworks/Python.framework/Versions/3.7/lib/python3.7/site-packages/flask/app.py", line 2080, in wsgi_app
    response = self.handle_exception(e)
  File "/Library/Frameworks/Python.framework/Versions/3.7/lib/python3.7/site-packages/flask/app.py", line 2077, in wsgi_app
    response = self.full_dispatch_request()
  File "/Library/Frameworks/Python.framework/Versions/3.7/lib/python3.7/site-packages/flask/app.py", line 1526, in full_dispatch_request
    return self.finalize_request(rv)
  File "/Library/Frameworks/Python.framework/Versions/3.7/lib/python3.7/site-packages/flask/app.py", line 1545, in finalize_request
    response = self.make_response(rv)
  File "/Library/Frameworks/Python.framework/Versions/3.7/lib/python3.7/site-packages/flask/app.py", line 1702, in make_response
    f"The view function for {request.endpoint!r} did not"
TypeError: The view function for 'mon_inputs' did not return a valid response. The function either returned None or ended without a return statement.
[2022-04-23 14:00:53 +0800] [74091] [INFO] Worker reloading: /Users/admin/PycharmProjects/flaskProject/app.py modified
[2022-04-23 14:00:53 +0800] [74091] [INFO] Worker exiting (pid: 74091)
[2022-04-23 14:00:53 +0800] [74092] [INFO] Worker reloading: /Users/admin/PycharmProjects/flaskProject/app.py modified
[2022-04-23 14:00:53 +0800] [74092] [INFO] Worker exiting (pid: 74092)
[2022-04-23 14:00:53 +0800] [74093] [INFO] Worker reloading: /Users/admin/PycharmProjects/flaskProject/app.py modified
[2022-04-23 14:00:53 +0800] [74093] [INFO] Worker exiting (pid: 74093)
[2022-04-23 14:00:53 +0800] [74545] [INFO] Booting worker with pid: 74545
[2022-04-23 14:00:53 +0800] [74094] [INFO] Worker reloading: /Users/admin/PycharmProjects/flaskProject/app.py modified
[2022-04-23 14:00:53 +0800] [74094] [INFO] Worker exiting (pid: 74094)
[2022-04-23 14:00:54 +0800] [74095] [INFO] Worker reloading: /Users/admin/PycharmProjects/flaskProject/app.py modified
[2022-04-23 14:00:54 +0800] [74095] [INFO] Worker exiting (pid: 74095)
[2022-04-23 14:00:54 +0800] [74096] [INFO] Worker reloading: /Users/admin/PycharmProjects/flaskProject/app.py modified
[2022-04-23 14:00:54 +0800] [74096] [INFO] Worker exiting (pid: 74096)
[2022-04-23 14:00:54 +0800] [74097] [INFO] Worker reloading: /Users/admin/PycharmProjects/flaskProject/app.py modified
[2022-04-23 14:00:54 +0800] [74546] [INFO] Booting worker with pid: 74546
[2022-04-23 14:00:54 +0800] [74097] [INFO] Worker exiting (pid: 74097)
[2022-04-23 14:00:54 +0800] [74548] [INFO] Booting worker with pid: 74548
[2022-04-23 14:00:54 +0800] [74098] [INFO] Worker reloading: /Users/admin/PycharmProjects/flaskProject/app.py modified
[2022-04-23 14:00:54 +0800] [74098] [INFO] Worker exiting (pid: 74098)
[2022-04-23 14:00:54 +0800] [74549] [INFO] Booting worker with pid: 74549
[2022-04-23 14:00:54 +0800] [74099] [INFO] Worker reloading: /Users/admin/PycharmProjects/flaskProject/app.py modified
[2022-04-23 14:00:54 +0800] [74099] [INFO] Worker exiting (pid: 74099)
[2022-04-23 14:00:54 +0800] [74550] [INFO] Booting worker with pid: 74550
[2022-04-23 14:00:54 +0800] [74551] [INFO] Booting worker with pid: 74551
[2022-04-23 14:00:54 +0800] [74552] [INFO] Booting worker with pid: 74552
[2022-04-23 14:00:54 +0800] [74553] [INFO] Booting worker with pid: 74553
[2022-04-23 14:00:54 +0800] [74554] [INFO] Booting worker with pid: 74554
[2022-04-23 14:00:58 +0800] [74550] [ERROR] Error handling request /api/v1/mon/inputs?ip=172.18.8.148
Traceback (most recent call last):
  File "/Library/Frameworks/Python.framework/Versions/3.7/lib/python3.7/site-packages/gunicorn/workers/base_async.py", line 55, in handle
    self.handle_request(listener_name, req, client, addr)
  File "/Library/Frameworks/Python.framework/Versions/3.7/lib/python3.7/site-packages/gunicorn/workers/ggevent.py", line 127, in handle_request
    super().handle_request(listener_name, req, sock, addr)
  File "/Library/Frameworks/Python.framework/Versions/3.7/lib/python3.7/site-packages/gunicorn/workers/base_async.py", line 108, in handle_request
    respiter = self.wsgi(environ, resp.start_response)
  File "/Library/Frameworks/Python.framework/Versions/3.7/lib/python3.7/site-packages/flask/app.py", line 2095, in __call__
    return self.wsgi_app(environ, start_response)
  File "/Library/Frameworks/Python.framework/Versions/3.7/lib/python3.7/site-packages/flask/app.py", line 2080, in wsgi_app
    response = self.handle_exception(e)
  File "/Library/Frameworks/Python.framework/Versions/3.7/lib/python3.7/site-packages/flask/app.py", line 2077, in wsgi_app
    response = self.full_dispatch_request()
  File "/Library/Frameworks/Python.framework/Versions/3.7/lib/python3.7/site-packages/flask/app.py", line 1526, in full_dispatch_request
    return self.finalize_request(rv)
  File "/Library/Frameworks/Python.framework/Versions/3.7/lib/python3.7/site-packages/flask/app.py", line 1545, in finalize_request
    response = self.make_response(rv)
  File "/Library/Frameworks/Python.framework/Versions/3.7/lib/python3.7/site-packages/flask/app.py", line 1702, in make_response
    f"The view function for {request.endpoint!r} did not"
TypeError: The view function for 'mon_inputs' did not return a valid response. The function either returned None or ended without a return statement.
[2022-04-23 14:02:39 +0800] [74552] [INFO] Worker reloading: /Users/admin/PycharmProjects/flaskProject/app.py modified
[2022-04-23 14:02:39 +0800] [74552] [INFO] Worker exiting (pid: 74552)
[2022-04-23 14:02:39 +0800] [74553] [INFO] Worker reloading: /Users/admin/PycharmProjects/flaskProject/app.py modified
[2022-04-23 14:02:39 +0800] [74553] [INFO] Worker exiting (pid: 74553)
[2022-04-23 14:02:39 +0800] [74554] [INFO] Worker reloading: /Users/admin/PycharmProjects/flaskProject/app.py modified
[2022-04-23 14:02:39 +0800] [74554] [INFO] Worker exiting (pid: 74554)
[2022-04-23 14:02:39 +0800] [74919] [INFO] Booting worker with pid: 74919
[2022-04-23 14:02:39 +0800] [74920] [INFO] Booting worker with pid: 74920
[2022-04-23 14:02:39 +0800] [74921] [INFO] Booting worker with pid: 74921
[2022-04-23 14:02:39 +0800] [74545] [INFO] Worker reloading: /Users/admin/PycharmProjects/flaskProject/app.py modified
[2022-04-23 14:02:39 +0800] [74545] [INFO] Worker exiting (pid: 74545)
[2022-04-23 14:02:39 +0800] [74923] [INFO] Booting worker with pid: 74923
[2022-04-23 14:02:39 +0800] [74546] [INFO] Worker reloading: /Users/admin/PycharmProjects/flaskProject/app.py modified
[2022-04-23 14:02:39 +0800] [74546] [INFO] Worker exiting (pid: 74546)
[2022-04-23 14:02:40 +0800] [74548] [INFO] Worker reloading: /Users/admin/PycharmProjects/flaskProject/app.py modified
[2022-04-23 14:02:40 +0800] [74548] [INFO] Worker exiting (pid: 74548)
[2022-04-23 14:02:40 +0800] [74549] [INFO] Worker reloading: /Users/admin/PycharmProjects/flaskProject/app.py modified
[2022-04-23 14:02:40 +0800] [74549] [INFO] Worker exiting (pid: 74549)
[2022-04-23 14:02:40 +0800] [74550] [INFO] Worker reloading: /Users/admin/PycharmProjects/flaskProject/app.py modified
[2022-04-23 14:02:40 +0800] [74550] [INFO] Worker exiting (pid: 74550)
[2022-04-23 14:02:40 +0800] [74924] [INFO] Booting worker with pid: 74924
[2022-04-23 14:02:40 +0800] [74551] [INFO] Worker reloading: /Users/admin/PycharmProjects/flaskProject/app.py modified
[2022-04-23 14:02:40 +0800] [74551] [INFO] Worker exiting (pid: 74551)
[2022-04-23 14:02:40 +0800] [74925] [INFO] Booting worker with pid: 74925
[2022-04-23 14:02:40 +0800] [74926] [INFO] Booting worker with pid: 74926
[2022-04-23 14:02:40 +0800] [74927] [INFO] Booting worker with pid: 74927
[2022-04-23 14:02:40 +0800] [74928] [INFO] Booting worker with pid: 74928
[2022-04-23 14:03:49 +0800] [74923] [INFO] Worker reloading: /Users/admin/PycharmProjects/flaskProject/app.py modified
[2022-04-23 14:03:49 +0800] [74923] [INFO] Worker exiting (pid: 74923)
[2022-04-23 14:03:49 +0800] [75176] [INFO] Booting worker with pid: 75176
[2022-04-23 14:03:49 +0800] [74924] [INFO] Worker reloading: /Users/admin/PycharmProjects/flaskProject/app.py modified
[2022-04-23 14:03:49 +0800] [74924] [INFO] Worker exiting (pid: 74924)
[2022-04-23 14:03:49 +0800] [74925] [INFO] Worker reloading: /Users/admin/PycharmProjects/flaskProject/app.py modified
[2022-04-23 14:03:49 +0800] [74925] [INFO] Worker exiting (pid: 74925)
[2022-04-23 14:03:49 +0800] [75178] [INFO] Booting worker with pid: 75178
[2022-04-23 14:03:49 +0800] [74926] [INFO] Worker reloading: /Users/admin/PycharmProjects/flaskProject/app.py modified
[2022-04-23 14:03:49 +0800] [74926] [INFO] Worker exiting (pid: 74926)
[2022-04-23 14:03:49 +0800] [75179] [INFO] Booting worker with pid: 75179
[2022-04-23 14:03:49 +0800] [74927] [INFO] Worker reloading: /Users/admin/PycharmProjects/flaskProject/app.py modified
[2022-04-23 14:03:49 +0800] [74927] [INFO] Worker exiting (pid: 74927)
[2022-04-23 14:03:49 +0800] [74928] [INFO] Worker reloading: /Users/admin/PycharmProjects/flaskProject/app.py modified
[2022-04-23 14:03:49 +0800] [74928] [INFO] Worker exiting (pid: 74928)
[2022-04-23 14:03:49 +0800] [74919] [INFO] Worker reloading: /Users/admin/PycharmProjects/flaskProject/app.py modified
[2022-04-23 14:03:49 +0800] [74919] [INFO] Worker exiting (pid: 74919)
[2022-04-23 14:03:49 +0800] [75180] [INFO] Booting worker with pid: 75180
[2022-04-23 14:03:49 +0800] [74920] [INFO] Worker reloading: /Users/admin/PycharmProjects/flaskProject/app.py modified
[2022-04-23 14:03:49 +0800] [74920] [INFO] Worker exiting (pid: 74920)
[2022-04-23 14:03:50 +0800] [75181] [INFO] Booting worker with pid: 75181
[2022-04-23 14:03:50 +0800] [74921] [INFO] Worker reloading: /Users/admin/PycharmProjects/flaskProject/app.py modified
[2022-04-23 14:03:50 +0800] [74921] [INFO] Worker exiting (pid: 74921)
[2022-04-23 14:03:50 +0800] [75182] [INFO] Booting worker with pid: 75182
[2022-04-23 14:03:50 +0800] [75183] [INFO] Booting worker with pid: 75183
[2022-04-23 14:03:50 +0800] [75184] [INFO] Booting worker with pid: 75184
[2022-04-23 14:03:50 +0800] [75185] [INFO] Booting worker with pid: 75185
[2022-04-23 14:05:16 +0800] [75180] [INFO] Worker reloading: /Users/admin/PycharmProjects/flaskProject/app.py modified
[2022-04-23 14:05:16 +0800] [75180] [INFO] Worker exiting (pid: 75180)
[2022-04-23 14:05:16 +0800] [75181] [INFO] Worker reloading: /Users/admin/PycharmProjects/flaskProject/app.py modified
[2022-04-23 14:05:16 +0800] [75181] [INFO] Worker exiting (pid: 75181)
[2022-04-23 14:05:16 +0800] [75496] [INFO] Booting worker with pid: 75496
[2022-04-23 14:05:16 +0800] [75182] [INFO] Worker reloading: /Users/admin/PycharmProjects/flaskProject/app.py modified
[2022-04-23 14:05:16 +0800] [75182] [INFO] Worker exiting (pid: 75182)
[2022-04-23 14:05:16 +0800] [75497] [INFO] Booting worker with pid: 75497
[2022-04-23 14:05:16 +0800] [75183] [INFO] Worker reloading: /Users/admin/PycharmProjects/flaskProject/app.py modified
[2022-04-23 14:05:16 +0800] [75183] [INFO] Worker exiting (pid: 75183)
[2022-04-23 14:05:16 +0800] [75498] [INFO] Booting worker with pid: 75498
[2022-04-23 14:05:16 +0800] [75184] [INFO] Worker reloading: /Users/admin/PycharmProjects/flaskProject/app.py modified
[2022-04-23 14:05:16 +0800] [75184] [INFO] Worker exiting (pid: 75184)
[2022-04-23 14:05:16 +0800] [75185] [INFO] Worker reloading: /Users/admin/PycharmProjects/flaskProject/app.py modified
[2022-04-23 14:05:16 +0800] [75185] [INFO] Worker exiting (pid: 75185)
[2022-04-23 14:05:16 +0800] [75499] [INFO] Booting worker with pid: 75499
[2022-04-23 14:05:17 +0800] [75500] [INFO] Booting worker with pid: 75500
[2022-04-23 14:05:17 +0800] [75501] [INFO] Booting worker with pid: 75501
[2022-04-23 14:05:17 +0800] [75176] [INFO] Worker reloading: /Users/admin/PycharmProjects/flaskProject/app.py modified
[2022-04-23 14:05:17 +0800] [75176] [INFO] Worker exiting (pid: 75176)
[2022-04-23 14:05:17 +0800] [75503] [INFO] Booting worker with pid: 75503
[2022-04-23 14:05:17 +0800] [75178] [INFO] Worker reloading: /Users/admin/PycharmProjects/flaskProject/app.py modified
[2022-04-23 14:05:17 +0800] [75178] [INFO] Worker exiting (pid: 75178)
[2022-04-23 14:05:17 +0800] [75179] [INFO] Worker reloading: /Users/admin/PycharmProjects/flaskProject/app.py modified
[2022-04-23 14:05:17 +0800] [75179] [INFO] Worker exiting (pid: 75179)
[2022-04-23 14:05:17 +0800] [75504] [INFO] Booting worker with pid: 75504
[2022-04-23 14:05:17 +0800] [75505] [INFO] Booting worker with pid: 75505
[2022-04-23 14:05:32 +0800] [75503] [INFO] Worker reloading: /Users/admin/PycharmProjects/flaskProject/app.py modified
[2022-04-23 14:05:32 +0800] [75503] [INFO] Worker exiting (pid: 75503)
[2022-04-23 14:05:32 +0800] [75547] [INFO] Booting worker with pid: 75547
[2022-04-23 14:05:32 +0800] [75504] [INFO] Worker reloading: /Users/admin/PycharmProjects/flaskProject/app.py modified
[2022-04-23 14:05:32 +0800] [75504] [INFO] Worker exiting (pid: 75504)
[2022-04-23 14:05:32 +0800] [75505] [INFO] Worker reloading: /Users/admin/PycharmProjects/flaskProject/app.py modified
[2022-04-23 14:05:32 +0800] [75505] [INFO] Worker exiting (pid: 75505)
[2022-04-23 14:05:32 +0800] [75548] [INFO] Booting worker with pid: 75548
[2022-04-23 14:05:32 +0800] [75496] [INFO] Worker reloading: /Users/admin/PycharmProjects/flaskProject/app.py modified
[2022-04-23 14:05:32 +0800] [75496] [INFO] Worker exiting (pid: 75496)
[2022-04-23 14:05:32 +0800] [75497] [INFO] Worker reloading: /Users/admin/PycharmProjects/flaskProject/app.py modified
[2022-04-23 14:05:32 +0800] [75497] [INFO] Worker exiting (pid: 75497)
[2022-04-23 14:05:32 +0800] [75550] [INFO] Booting worker with pid: 75550
[2022-04-23 14:05:33 +0800] [75551] [INFO] Booting worker with pid: 75551
[2022-04-23 14:05:33 +0800] [75498] [INFO] Worker reloading: /Users/admin/PycharmProjects/flaskProject/app.py modified
[2022-04-23 14:05:33 +0800] [75498] [INFO] Worker exiting (pid: 75498)
[2022-04-23 14:05:33 +0800] [75552] [INFO] Booting worker with pid: 75552
[2022-04-23 14:05:33 +0800] [75499] [INFO] Worker reloading: /Users/admin/PycharmProjects/flaskProject/app.py modified
[2022-04-23 14:05:33 +0800] [75499] [INFO] Worker exiting (pid: 75499)
[2022-04-23 14:05:33 +0800] [75553] [INFO] Booting worker with pid: 75553
[2022-04-23 14:05:33 +0800] [75500] [INFO] Worker reloading: /Users/admin/PycharmProjects/flaskProject/app.py modified
[2022-04-23 14:05:33 +0800] [75500] [INFO] Worker exiting (pid: 75500)
[2022-04-23 14:05:33 +0800] [75560] [INFO] Booting worker with pid: 75560
[2022-04-23 14:05:33 +0800] [75501] [INFO] Worker reloading: /Users/admin/PycharmProjects/flaskProject/app.py modified
[2022-04-23 14:05:33 +0800] [75501] [INFO] Worker exiting (pid: 75501)
[2022-04-23 14:05:33 +0800] [75567] [INFO] Booting worker with pid: 75567
[2022-04-23 14:05:33 +0800] [75572] [INFO] Booting worker with pid: 75572
[2022-04-23 14:05:50 +0800] [75560] [INFO] Worker reloading: /Users/admin/PycharmProjects/flaskProject/app.py modified
[2022-04-23 14:05:50 +0800] [75560] [INFO] Worker exiting (pid: 75560)
[2022-04-23 14:05:50 +0800] [75567] [INFO] Worker reloading: /Users/admin/PycharmProjects/flaskProject/app.py modified
[2022-04-23 14:05:50 +0800] [75567] [INFO] Worker exiting (pid: 75567)
[2022-04-23 14:05:50 +0800] [75633] [INFO] Booting worker with pid: 75633
[2022-04-23 14:05:50 +0800] [75572] [INFO] Worker reloading: /Users/admin/PycharmProjects/flaskProject/app.py modified
[2022-04-23 14:05:50 +0800] [75572] [INFO] Worker exiting (pid: 75572)
[2022-04-23 14:05:50 +0800] [75634] [INFO] Booting worker with pid: 75634
[2022-04-23 14:05:50 +0800] [75547] [INFO] Worker reloading: /Users/admin/PycharmProjects/flaskProject/app.py modified
[2022-04-23 14:05:50 +0800] [75547] [INFO] Worker exiting (pid: 75547)
[2022-04-23 14:05:50 +0800] [75635] [INFO] Booting worker with pid: 75635
[2022-04-23 14:05:50 +0800] [75636] [INFO] Booting worker with pid: 75636
[2022-04-23 14:05:50 +0800] [75548] [INFO] Worker reloading: /Users/admin/PycharmProjects/flaskProject/app.py modified
[2022-04-23 14:05:50 +0800] [75548] [INFO] Worker exiting (pid: 75548)
[2022-04-23 14:05:51 +0800] [75550] [INFO] Worker reloading: /Users/admin/PycharmProjects/flaskProject/app.py modified
[2022-04-23 14:05:51 +0800] [75550] [INFO] Worker exiting (pid: 75550)
[2022-04-23 14:05:51 +0800] [75638] [INFO] Booting worker with pid: 75638
[2022-04-23 14:05:51 +0800] [75551] [INFO] Worker reloading: /Users/admin/PycharmProjects/flaskProject/app.py modified
[2022-04-23 14:05:51 +0800] [75551] [INFO] Worker exiting (pid: 75551)
[2022-04-23 14:05:51 +0800] [75552] [INFO] Worker reloading: /Users/admin/PycharmProjects/flaskProject/app.py modified
[2022-04-23 14:05:51 +0800] [75552] [INFO] Worker exiting (pid: 75552)
[2022-04-23 14:05:51 +0800] [75639] [INFO] Booting worker with pid: 75639
[2022-04-23 14:05:51 +0800] [75640] [INFO] Booting worker with pid: 75640
[2022-04-23 14:05:51 +0800] [75553] [INFO] Worker reloading: /Users/admin/PycharmProjects/flaskProject/app.py modified
[2022-04-23 14:05:51 +0800] [75553] [INFO] Worker exiting (pid: 75553)
[2022-04-23 14:05:51 +0800] [75641] [INFO] Booting worker with pid: 75641
[2022-04-23 14:05:51 +0800] [75642] [INFO] Booting worker with pid: 75642
[2022-04-23 14:05:54 +0800] [75638] [ERROR] Error handling request /api/v1/mon/inputs?ip=172.18.8.148
Traceback (most recent call last):
  File "/Library/Frameworks/Python.framework/Versions/3.7/lib/python3.7/site-packages/gunicorn/workers/base_async.py", line 55, in handle
    self.handle_request(listener_name, req, client, addr)
  File "/Library/Frameworks/Python.framework/Versions/3.7/lib/python3.7/site-packages/gunicorn/workers/ggevent.py", line 127, in handle_request
    super().handle_request(listener_name, req, sock, addr)
  File "/Library/Frameworks/Python.framework/Versions/3.7/lib/python3.7/site-packages/gunicorn/workers/base_async.py", line 108, in handle_request
    respiter = self.wsgi(environ, resp.start_response)
  File "/Library/Frameworks/Python.framework/Versions/3.7/lib/python3.7/site-packages/flask/app.py", line 2095, in __call__
    return self.wsgi_app(environ, start_response)
  File "/Library/Frameworks/Python.framework/Versions/3.7/lib/python3.7/site-packages/flask/app.py", line 2080, in wsgi_app
    response = self.handle_exception(e)
  File "/Library/Frameworks/Python.framework/Versions/3.7/lib/python3.7/site-packages/flask/app.py", line 2077, in wsgi_app
    response = self.full_dispatch_request()
  File "/Library/Frameworks/Python.framework/Versions/3.7/lib/python3.7/site-packages/flask/app.py", line 1526, in full_dispatch_request
    return self.finalize_request(rv)
  File "/Library/Frameworks/Python.framework/Versions/3.7/lib/python3.7/site-packages/flask/app.py", line 1545, in finalize_request
    response = self.make_response(rv)
  File "/Library/Frameworks/Python.framework/Versions/3.7/lib/python3.7/site-packages/flask/app.py", line 1702, in make_response
    f"The view function for {request.endpoint!r} did not"
TypeError: The view function for 'mon_inputs' did not return a valid response. The function either returned None or ended without a return statement.
[2022-04-23 14:06:23 +0800] [75636] [INFO] Worker reloading: /Users/admin/PycharmProjects/flaskProject/app.py modified
[2022-04-23 14:06:23 +0800] [75636] [INFO] Worker exiting (pid: 75636)
[2022-04-23 14:06:23 +0800] [75766] [INFO] Booting worker with pid: 75766
[2022-04-23 14:06:23 +0800] [75638] [INFO] Worker reloading: /Users/admin/PycharmProjects/flaskProject/app.py modified
[2022-04-23 14:06:23 +0800] [75638] [INFO] Worker exiting (pid: 75638)
[2022-04-23 14:06:23 +0800] [75767] [INFO] Booting worker with pid: 75767
[2022-04-23 14:06:23 +0800] [75639] [INFO] Worker reloading: /Users/admin/PycharmProjects/flaskProject/app.py modified
[2022-04-23 14:06:23 +0800] [75639] [INFO] Worker exiting (pid: 75639)
[2022-04-23 14:06:23 +0800] [75640] [INFO] Worker reloading: /Users/admin/PycharmProjects/flaskProject/app.py modified
[2022-04-23 14:06:23 +0800] [75640] [INFO] Worker exiting (pid: 75640)
[2022-04-23 14:06:23 +0800] [75641] [INFO] Worker reloading: /Users/admin/PycharmProjects/flaskProject/app.py modified
[2022-04-23 14:06:23 +0800] [75641] [INFO] Worker exiting (pid: 75641)
[2022-04-23 14:06:23 +0800] [75769] [INFO] Booting worker with pid: 75769
[2022-04-23 14:06:23 +0800] [75642] [INFO] Worker reloading: /Users/admin/PycharmProjects/flaskProject/app.py modified
[2022-04-23 14:06:23 +0800] [75633] [INFO] Worker reloading: /Users/admin/PycharmProjects/flaskProject/app.py modified
[2022-04-23 14:06:23 +0800] [75642] [INFO] Worker exiting (pid: 75642)
[2022-04-23 14:06:23 +0800] [75633] [INFO] Worker exiting (pid: 75633)
[2022-04-23 14:06:23 +0800] [75770] [INFO] Booting worker with pid: 75770
[2022-04-23 14:06:23 +0800] [75771] [INFO] Booting worker with pid: 75771
[2022-04-23 14:06:23 +0800] [75634] [INFO] Worker reloading: /Users/admin/PycharmProjects/flaskProject/app.py modified
[2022-04-23 14:06:23 +0800] [75634] [INFO] Worker exiting (pid: 75634)
[2022-04-23 14:06:23 +0800] [75635] [INFO] Worker reloading: /Users/admin/PycharmProjects/flaskProject/app.py modified
[2022-04-23 14:06:23 +0800] [75635] [INFO] Worker exiting (pid: 75635)
[2022-04-23 14:06:23 +0800] [75772] [INFO] Booting worker with pid: 75772
[2022-04-23 14:06:23 +0800] [75773] [INFO] Booting worker with pid: 75773
[2022-04-23 14:06:24 +0800] [75774] [INFO] Booting worker with pid: 75774
[2022-04-23 14:06:24 +0800] [75775] [INFO] Booting worker with pid: 75775
[2022-04-23 14:06:25 +0800] [75773] [ERROR] Error handling request /api/v1/mon/inputs?ip=172.18.8.148
Traceback (most recent call last):
  File "/Library/Frameworks/Python.framework/Versions/3.7/lib/python3.7/site-packages/gunicorn/workers/base_async.py", line 55, in handle
    self.handle_request(listener_name, req, client, addr)
  File "/Library/Frameworks/Python.framework/Versions/3.7/lib/python3.7/site-packages/gunicorn/workers/ggevent.py", line 127, in handle_request
    super().handle_request(listener_name, req, sock, addr)
  File "/Library/Frameworks/Python.framework/Versions/3.7/lib/python3.7/site-packages/gunicorn/workers/base_async.py", line 108, in handle_request
    respiter = self.wsgi(environ, resp.start_response)
  File "/Library/Frameworks/Python.framework/Versions/3.7/lib/python3.7/site-packages/flask/app.py", line 2095, in __call__
    return self.wsgi_app(environ, start_response)
  File "/Library/Frameworks/Python.framework/Versions/3.7/lib/python3.7/site-packages/flask/app.py", line 2080, in wsgi_app
    response = self.handle_exception(e)
  File "/Library/Frameworks/Python.framework/Versions/3.7/lib/python3.7/site-packages/flask/app.py", line 2077, in wsgi_app
    response = self.full_dispatch_request()
  File "/Library/Frameworks/Python.framework/Versions/3.7/lib/python3.7/site-packages/flask/app.py", line 1526, in full_dispatch_request
    return self.finalize_request(rv)
  File "/Library/Frameworks/Python.framework/Versions/3.7/lib/python3.7/site-packages/flask/app.py", line 1545, in finalize_request
    response = self.make_response(rv)
  File "/Library/Frameworks/Python.framework/Versions/3.7/lib/python3.7/site-packages/flask/app.py", line 1702, in make_response
    f"The view function for {request.endpoint!r} did not"
TypeError: The view function for 'mon_inputs' did not return a valid response. The function either returned None or ended without a return statement.
[2022-04-23 14:06:27 +0800] [75771] [INFO] Worker reloading: /Users/admin/PycharmProjects/flaskProject/app.py modified
[2022-04-23 14:06:27 +0800] [75771] [INFO] Worker exiting (pid: 75771)
[2022-04-23 14:06:28 +0800] [75772] [INFO] Worker reloading: /Users/admin/PycharmProjects/flaskProject/app.py modified
[2022-04-23 14:06:28 +0800] [75772] [INFO] Worker exiting (pid: 75772)
[2022-04-23 14:06:28 +0800] [75777] [INFO] Booting worker with pid: 75777
[2022-04-23 14:06:28 +0800] [75773] [INFO] Worker reloading: /Users/admin/PycharmProjects/flaskProject/app.py modified
[2022-04-23 14:06:28 +0800] [75773] [INFO] Worker exiting (pid: 75773)
[2022-04-23 14:06:28 +0800] [75774] [INFO] Worker reloading: /Users/admin/PycharmProjects/flaskProject/app.py modified
[2022-04-23 14:06:28 +0800] [75774] [INFO] Worker exiting (pid: 75774)
[2022-04-23 14:06:28 +0800] [75775] [INFO] Worker reloading: /Users/admin/PycharmProjects/flaskProject/app.py modified
[2022-04-23 14:06:28 +0800] [75775] [INFO] Worker exiting (pid: 75775)
[2022-04-23 14:06:28 +0800] [75784] [INFO] Booting worker with pid: 75784
[2022-04-23 14:06:28 +0800] [75785] [INFO] Booting worker with pid: 75785
[2022-04-23 14:06:28 +0800] [75766] [INFO] Worker reloading: /Users/admin/PycharmProjects/flaskProject/app.py modified
[2022-04-23 14:06:28 +0800] [75766] [INFO] Worker exiting (pid: 75766)
[2022-04-23 14:06:28 +0800] [75788] [INFO] Booting worker with pid: 75788
[2022-04-23 14:06:28 +0800] [75790] [INFO] Booting worker with pid: 75790
[2022-04-23 14:06:28 +0800] [75794] [INFO] Booting worker with pid: 75794
[2022-04-23 14:06:28 +0800] [75767] [INFO] Worker reloading: /Users/admin/PycharmProjects/flaskProject/app.py modified
[2022-04-23 14:06:28 +0800] [75767] [INFO] Worker exiting (pid: 75767)
[2022-04-23 14:06:28 +0800] [75803] [INFO] Booting worker with pid: 75803
[2022-04-23 14:06:28 +0800] [75769] [INFO] Worker reloading: /Users/admin/PycharmProjects/flaskProject/app.py modified
[2022-04-23 14:06:28 +0800] [75769] [INFO] Worker exiting (pid: 75769)
[2022-04-23 14:06:28 +0800] [75770] [INFO] Worker reloading: /Users/admin/PycharmProjects/flaskProject/app.py modified
[2022-04-23 14:06:28 +0800] [75770] [INFO] Worker exiting (pid: 75770)
[2022-04-23 14:06:28 +0800] [75804] [INFO] Booting worker with pid: 75804
[2022-04-23 14:06:28 +0800] [75807] [INFO] Booting worker with pid: 75807
[2022-04-23 14:06:34 +0800] [75804] [INFO] Worker reloading: /Users/admin/PycharmProjects/flaskProject/app.py modified
[2022-04-23 14:06:34 +0800] [75804] [INFO] Worker exiting (pid: 75804)
[2022-04-23 14:06:35 +0800] [75807] [INFO] Worker reloading: /Users/admin/PycharmProjects/flaskProject/app.py modified
[2022-04-23 14:06:35 +0800] [75807] [INFO] Worker exiting (pid: 75807)
[2022-04-23 14:06:35 +0800] [75777] [INFO] Worker reloading: /Users/admin/PycharmProjects/flaskProject/app.py modified
[2022-04-23 14:06:35 +0800] [75777] [INFO] Worker exiting (pid: 75777)
[2022-04-23 14:06:35 +0800] [75830] [INFO] Booting worker with pid: 75830
[2022-04-23 14:06:35 +0800] [75784] [INFO] Worker reloading: /Users/admin/PycharmProjects/flaskProject/app.py modified
[2022-04-23 14:06:35 +0800] [75784] [INFO] Worker exiting (pid: 75784)
[2022-04-23 14:06:35 +0800] [75831] [INFO] Booting worker with pid: 75831
[2022-04-23 14:06:35 +0800] [75785] [INFO] Worker reloading: /Users/admin/PycharmProjects/flaskProject/app.py modified
[2022-04-23 14:06:35 +0800] [75785] [INFO] Worker exiting (pid: 75785)
[2022-04-23 14:06:35 +0800] [75832] [INFO] Booting worker with pid: 75832
[2022-04-23 14:06:35 +0800] [75833] [INFO] Booting worker with pid: 75833
[2022-04-23 14:06:35 +0800] [75788] [INFO] Worker reloading: /Users/admin/PycharmProjects/flaskProject/app.py modified
[2022-04-23 14:06:35 +0800] [75788] [INFO] Worker exiting (pid: 75788)
[2022-04-23 14:06:35 +0800] [75790] [INFO] Worker reloading: /Users/admin/PycharmProjects/flaskProject/app.py modified
[2022-04-23 14:06:35 +0800] [75790] [INFO] Worker exiting (pid: 75790)
[2022-04-23 14:06:35 +0800] [75794] [INFO] Worker reloading: /Users/admin/PycharmProjects/flaskProject/app.py modified
[2022-04-23 14:06:35 +0800] [75794] [INFO] Worker exiting (pid: 75794)
[2022-04-23 14:06:35 +0800] [75834] [INFO] Booting worker with pid: 75834
[2022-04-23 14:06:35 +0800] [75836] [INFO] Booting worker with pid: 75836
[2022-04-23 14:06:35 +0800] [75803] [INFO] Worker reloading: /Users/admin/PycharmProjects/flaskProject/app.py modified
[2022-04-23 14:06:35 +0800] [75803] [INFO] Worker exiting (pid: 75803)
[2022-04-23 14:06:35 +0800] [75837] [INFO] Booting worker with pid: 75837
[2022-04-23 14:06:35 +0800] [75838] [INFO] Booting worker with pid: 75838
[2022-04-23 14:06:35 +0800] [75839] [INFO] Booting worker with pid: 75839
[2022-04-23 14:06:37 +0800] [75833] [ERROR] Error handling request /api/v1/mon/inputs?ip=172.18.8.148
Traceback (most recent call last):
  File "/Library/Frameworks/Python.framework/Versions/3.7/lib/python3.7/site-packages/gunicorn/workers/base_async.py", line 55, in handle
    self.handle_request(listener_name, req, client, addr)
  File "/Library/Frameworks/Python.framework/Versions/3.7/lib/python3.7/site-packages/gunicorn/workers/ggevent.py", line 127, in handle_request
    super().handle_request(listener_name, req, sock, addr)
  File "/Library/Frameworks/Python.framework/Versions/3.7/lib/python3.7/site-packages/gunicorn/workers/base_async.py", line 108, in handle_request
    respiter = self.wsgi(environ, resp.start_response)
  File "/Library/Frameworks/Python.framework/Versions/3.7/lib/python3.7/site-packages/flask/app.py", line 2095, in __call__
    return self.wsgi_app(environ, start_response)
  File "/Library/Frameworks/Python.framework/Versions/3.7/lib/python3.7/site-packages/flask/app.py", line 2080, in wsgi_app
    response = self.handle_exception(e)
  File "/Library/Frameworks/Python.framework/Versions/3.7/lib/python3.7/site-packages/flask/app.py", line 2077, in wsgi_app
    response = self.full_dispatch_request()
  File "/Library/Frameworks/Python.framework/Versions/3.7/lib/python3.7/site-packages/flask/app.py", line 1526, in full_dispatch_request
    return self.finalize_request(rv)
  File "/Library/Frameworks/Python.framework/Versions/3.7/lib/python3.7/site-packages/flask/app.py", line 1545, in finalize_request
    response = self.make_response(rv)
  File "/Library/Frameworks/Python.framework/Versions/3.7/lib/python3.7/site-packages/flask/app.py", line 1702, in make_response
    f"The view function for {request.endpoint!r} did not"
TypeError: The view function for 'mon_inputs' did not return a valid response. The function either returned None or ended without a return statement.
[2022-04-23 14:07:37 +0800] [75832] [INFO] Worker reloading: /Users/admin/PycharmProjects/flaskProject/app.py modified
[2022-04-23 14:07:37 +0800] [75832] [INFO] Worker exiting (pid: 75832)
[2022-04-23 14:07:37 +0800] [75833] [INFO] Worker reloading: /Users/admin/PycharmProjects/flaskProject/app.py modified
[2022-04-23 14:07:37 +0800] [75833] [INFO] Worker exiting (pid: 75833)
[2022-04-23 14:07:37 +0800] [75834] [INFO] Worker reloading: /Users/admin/PycharmProjects/flaskProject/app.py modified
[2022-04-23 14:07:37 +0800] [75834] [INFO] Worker exiting (pid: 75834)
[2022-04-23 14:07:38 +0800] [76059] [INFO] Booting worker with pid: 76059
[2022-04-23 14:07:38 +0800] [76060] [INFO] Booting worker with pid: 76060
[2022-04-23 14:07:38 +0800] [75836] [INFO] Worker reloading: /Users/admin/PycharmProjects/flaskProject/app.py modified
[2022-04-23 14:07:38 +0800] [75836] [INFO] Worker exiting (pid: 75836)
[2022-04-23 14:07:38 +0800] [76061] [INFO] Booting worker with pid: 76061
[2022-04-23 14:07:38 +0800] [75837] [INFO] Worker reloading: /Users/admin/PycharmProjects/flaskProject/app.py modified
[2022-04-23 14:07:38 +0800] [75837] [INFO] Worker exiting (pid: 75837)
[2022-04-23 14:07:38 +0800] [75838] [INFO] Worker reloading: /Users/admin/PycharmProjects/flaskProject/app.py modified
[2022-04-23 14:07:38 +0800] [75838] [INFO] Worker exiting (pid: 75838)
[2022-04-23 14:07:38 +0800] [76062] [INFO] Booting worker with pid: 76062
[2022-04-23 14:07:38 +0800] [75839] [INFO] Worker reloading: /Users/admin/PycharmProjects/flaskProject/app.py modified
[2022-04-23 14:07:38 +0800] [75839] [INFO] Worker exiting (pid: 75839)
[2022-04-23 14:07:38 +0800] [76063] [INFO] Booting worker with pid: 76063
[2022-04-23 14:07:38 +0800] [76064] [INFO] Booting worker with pid: 76064
[2022-04-23 14:07:38 +0800] [76068] [INFO] Booting worker with pid: 76068
[2022-04-23 14:07:38 +0800] [75830] [INFO] Worker reloading: /Users/admin/PycharmProjects/flaskProject/app.py modified
[2022-04-23 14:07:38 +0800] [75830] [INFO] Worker exiting (pid: 75830)
[2022-04-23 14:07:38 +0800] [75831] [INFO] Worker reloading: /Users/admin/PycharmProjects/flaskProject/app.py modified
[2022-04-23 14:07:38 +0800] [75831] [INFO] Worker exiting (pid: 75831)
[2022-04-23 14:07:38 +0800] [76071] [INFO] Booting worker with pid: 76071
[2022-04-23 14:07:38 +0800] [76072] [INFO] Booting worker with pid: 76072
[2022-04-23 14:07:41 +0800] [76072] [INFO] Worker reloading: /Users/admin/PycharmProjects/flaskProject/app.py modified
[2022-04-23 14:07:41 +0800] [76072] [INFO] Worker exiting (pid: 76072)
[2022-04-23 14:07:42 +0800] [76092] [INFO] Booting worker with pid: 76092
[2022-04-23 14:07:42 +0800] [76059] [INFO] Worker reloading: /Users/admin/PycharmProjects/flaskProject/app.py modified
[2022-04-23 14:07:42 +0800] [76059] [INFO] Worker exiting (pid: 76059)
[2022-04-23 14:07:42 +0800] [76060] [INFO] Worker reloading: /Users/admin/PycharmProjects/flaskProject/app.py modified
[2022-04-23 14:07:42 +0800] [76060] [INFO] Worker exiting (pid: 76060)
[2022-04-23 14:07:42 +0800] [76061] [INFO] Worker reloading: /Users/admin/PycharmProjects/flaskProject/app.py modified
[2022-04-23 14:07:42 +0800] [76061] [INFO] Worker exiting (pid: 76061)
[2022-04-23 14:07:42 +0800] [76093] [INFO] Booting worker with pid: 76093
[2022-04-23 14:07:42 +0800] [76095] [INFO] Booting worker with pid: 76095
[2022-04-23 14:07:42 +0800] [76062] [INFO] Worker reloading: /Users/admin/PycharmProjects/flaskProject/app.py modified
[2022-04-23 14:07:42 +0800] [76062] [INFO] Worker exiting (pid: 76062)
[2022-04-23 14:07:42 +0800] [76096] [INFO] Booting worker with pid: 76096
[2022-04-23 14:07:42 +0800] [76063] [INFO] Worker reloading: /Users/admin/PycharmProjects/flaskProject/app.py modified
[2022-04-23 14:07:42 +0800] [76063] [INFO] Worker exiting (pid: 76063)
[2022-04-23 14:07:42 +0800] [76064] [INFO] Worker reloading: /Users/admin/PycharmProjects/flaskProject/app.py modified
[2022-04-23 14:07:42 +0800] [76064] [INFO] Worker exiting (pid: 76064)
[2022-04-23 14:07:42 +0800] [76097] [INFO] Booting worker with pid: 76097
[2022-04-23 14:07:42 +0800] [76068] [INFO] Worker reloading: /Users/admin/PycharmProjects/flaskProject/app.py modified
[2022-04-23 14:07:42 +0800] [76068] [INFO] Worker exiting (pid: 76068)
[2022-04-23 14:07:42 +0800] [76099] [INFO] Booting worker with pid: 76099
[2022-04-23 14:07:42 +0800] [76100] [INFO] Booting worker with pid: 76100
[2022-04-23 14:07:42 +0800] [76101] [INFO] Booting worker with pid: 76101
[2022-04-23 14:07:42 +0800] [76071] [INFO] Worker reloading: /Users/admin/PycharmProjects/flaskProject/app.py modified
[2022-04-23 14:07:42 +0800] [76071] [INFO] Worker exiting (pid: 76071)
[2022-04-23 14:07:42 +0800] [76103] [INFO] Booting worker with pid: 76103
[2022-04-23 14:07:54 +0800] [76101] [ERROR] Error handling request /api/v1/mon/inputs?ip=172.18.8.148
Traceback (most recent call last):
  File "/Library/Frameworks/Python.framework/Versions/3.7/lib/python3.7/site-packages/gunicorn/workers/base_async.py", line 55, in handle
    self.handle_request(listener_name, req, client, addr)
  File "/Library/Frameworks/Python.framework/Versions/3.7/lib/python3.7/site-packages/gunicorn/workers/ggevent.py", line 127, in handle_request
    super().handle_request(listener_name, req, sock, addr)
  File "/Library/Frameworks/Python.framework/Versions/3.7/lib/python3.7/site-packages/gunicorn/workers/base_async.py", line 108, in handle_request
    respiter = self.wsgi(environ, resp.start_response)
  File "/Library/Frameworks/Python.framework/Versions/3.7/lib/python3.7/site-packages/flask/app.py", line 2095, in __call__
    return self.wsgi_app(environ, start_response)
  File "/Library/Frameworks/Python.framework/Versions/3.7/lib/python3.7/site-packages/flask/app.py", line 2080, in wsgi_app
    response = self.handle_exception(e)
  File "/Library/Frameworks/Python.framework/Versions/3.7/lib/python3.7/site-packages/flask/app.py", line 2077, in wsgi_app
    response = self.full_dispatch_request()
  File "/Library/Frameworks/Python.framework/Versions/3.7/lib/python3.7/site-packages/flask/app.py", line 1526, in full_dispatch_request
    return self.finalize_request(rv)
  File "/Library/Frameworks/Python.framework/Versions/3.7/lib/python3.7/site-packages/flask/app.py", line 1545, in finalize_request
    response = self.make_response(rv)
  File "/Library/Frameworks/Python.framework/Versions/3.7/lib/python3.7/site-packages/flask/app.py", line 1702, in make_response
    f"The view function for {request.endpoint!r} did not"
TypeError: The view function for 'mon_inputs' did not return a valid response. The function either returned None or ended without a return statement.
[2022-04-23 14:07:59 +0800] [74086] [INFO] Handling signal: int
[2022-04-23 14:07:59 +0800] [76099] [INFO] Worker exiting (pid: 76099)
[2022-04-23 14:07:59 +0800] [76100] [INFO] Worker exiting (pid: 76100)
[2022-04-23 14:07:59 +0800] [76097] [INFO] Worker exiting (pid: 76097)
[2022-04-23 14:07:59 +0800] [76101] [INFO] Worker exiting (pid: 76101)
[2022-04-23 14:07:59 +0800] [76093] [INFO] Worker exiting (pid: 76093)
[2022-04-23 14:07:59 +0800] [76103] [INFO] Worker exiting (pid: 76103)
[2022-04-23 14:07:59 +0800] [76095] [INFO] Worker exiting (pid: 76095)
[2022-04-23 14:07:59 +0800] [76096] [INFO] Worker exiting (pid: 76096)
[2022-04-23 14:07:59 +0800] [76092] [INFO] Worker exiting (pid: 76092)
[2022-04-23 14:08:00 +0800] [74086] [INFO] Shutting down: Master
[2022-04-23 16:57:50 +0800] [12772] [INFO] Starting gunicorn 20.1.0
[2022-04-23 16:57:50 +0800] [12772] [INFO] Listening at: http://0.0.0.0:23456 (12772)
[2022-04-23 16:57:50 +0800] [12772] [INFO] Using worker: gevent
[2022-04-23 16:57:50 +0800] [12784] [INFO] Booting worker with pid: 12784
[2022-04-23 16:57:50 +0800] [12785] [INFO] Booting worker with pid: 12785
[2022-04-23 16:57:50 +0800] [12786] [INFO] Booting worker with pid: 12786
[2022-04-23 16:57:50 +0800] [12787] [INFO] Booting worker with pid: 12787
[2022-04-23 16:57:50 +0800] [12788] [INFO] Booting worker with pid: 12788
[2022-04-23 16:57:50 +0800] [12789] [INFO] Booting worker with pid: 12789
[2022-04-23 16:57:50 +0800] [12790] [INFO] Booting worker with pid: 12790
[2022-04-23 16:57:50 +0800] [12791] [INFO] Booting worker with pid: 12791
[2022-04-23 16:57:51 +0800] [12792] [INFO] Booting worker with pid: 12792
[2022-04-23 16:58:16 +0800] [12772] [INFO] Handling signal: int
[2022-04-23 16:58:16 +0800] [12787] [INFO] Worker exiting (pid: 12787)
[2022-04-23 16:58:17 +0800] [12790] [INFO] Worker exiting (pid: 12790)
[2022-04-23 16:58:17 +0800] [12789] [INFO] Worker exiting (pid: 12789)
[2022-04-23 16:58:17 +0800] [12788] [INFO] Worker exiting (pid: 12788)
[2022-04-23 16:58:17 +0800] [12791] [INFO] Worker exiting (pid: 12791)
[2022-04-23 16:58:17 +0800] [12792] [INFO] Worker exiting (pid: 12792)
[2022-04-23 16:58:17 +0800] [12784] [INFO] Worker exiting (pid: 12784)
[2022-04-23 16:58:17 +0800] [12785] [INFO] Worker exiting (pid: 12785)
[2022-04-23 16:58:17 +0800] [12786] [INFO] Worker exiting (pid: 12786)
[2022-04-23 16:58:17 +0800] [12772] [INFO] Shutting down: Master
[2022-04-23 19:33:19 +0800] [46385] [INFO] Starting gunicorn 20.1.0
[2022-04-23 19:33:19 +0800] [46385] [INFO] Listening at: http://0.0.0.0:23456 (46385)
[2022-04-23 19:33:19 +0800] [46385] [INFO] Using worker: gevent
[2022-04-23 19:33:19 +0800] [46391] [INFO] Booting worker with pid: 46391
[2022-04-23 19:33:19 +0800] [46392] [INFO] Booting worker with pid: 46392
[2022-04-23 19:33:19 +0800] [46393] [INFO] Booting worker with pid: 46393
[2022-04-23 19:33:19 +0800] [46394] [INFO] Booting worker with pid: 46394
[2022-04-23 19:33:19 +0800] [46395] [INFO] Booting worker with pid: 46395
[2022-04-23 19:33:19 +0800] [46396] [INFO] Booting worker with pid: 46396
[2022-04-23 19:33:20 +0800] [46397] [INFO] Booting worker with pid: 46397
[2022-04-23 19:33:20 +0800] [46398] [INFO] Booting worker with pid: 46398
[2022-04-23 19:33:20 +0800] [46399] [INFO] Booting worker with pid: 46399
[2022-04-23 19:34:08 +0800] [46385] [INFO] Handling signal: int
[2022-04-23 19:34:08 +0800] [46396] [INFO] Worker exiting (pid: 46396)
[2022-04-23 19:34:08 +0800] [46393] [INFO] Worker exiting (pid: 46393)
[2022-04-23 19:34:08 +0800] [46399] [INFO] Worker exiting (pid: 46399)
[2022-04-23 19:34:08 +0800] [46398] [INFO] Worker exiting (pid: 46398)
[2022-04-23 19:34:08 +0800] [46395] [INFO] Worker exiting (pid: 46395)
[2022-04-23 19:34:08 +0800] [46391] [INFO] Worker exiting (pid: 46391)
[2022-04-23 19:34:08 +0800] [46394] [INFO] Worker exiting (pid: 46394)
[2022-04-23 19:34:08 +0800] [46397] [INFO] Worker exiting (pid: 46397)
[2022-04-23 19:34:08 +0800] [46392] [INFO] Worker exiting (pid: 46392)
[2022-04-23 19:34:09 +0800] [46385] [INFO] Shutting down: Master
[2022-04-23 19:46:39 +0800] [49191] [INFO] Starting gunicorn 20.1.0
[2022-04-23 19:46:39 +0800] [49191] [INFO] Listening at: http://0.0.0.0:23456 (49191)
[2022-04-23 19:46:39 +0800] [49191] [INFO] Using worker: gevent
[2022-04-23 19:46:39 +0800] [49196] [INFO] Booting worker with pid: 49196
[2022-04-23 19:46:39 +0800] [49197] [INFO] Booting worker with pid: 49197
[2022-04-23 19:46:39 +0800] [49198] [INFO] Booting worker with pid: 49198
[2022-04-23 19:46:39 +0800] [49199] [INFO] Booting worker with pid: 49199
[2022-04-23 19:46:39 +0800] [49200] [INFO] Booting worker with pid: 49200
[2022-04-23 19:46:39 +0800] [49201] [INFO] Booting worker with pid: 49201
[2022-04-23 19:46:39 +0800] [49202] [INFO] Booting worker with pid: 49202
[2022-04-23 19:46:39 +0800] [49203] [INFO] Booting worker with pid: 49203
[2022-04-23 19:46:39 +0800] [49204] [INFO] Booting worker with pid: 49204
[2022-04-23 19:47:41 +0800] [49196] [INFO] Worker reloading: /Users/admin/PycharmProjects/flaskProject/fluskmode/ssh_cli.py modified
[2022-04-23 19:47:41 +0800] [49196] [INFO] Worker exiting (pid: 49196)
[2022-04-23 19:47:41 +0800] [49197] [INFO] Worker reloading: /Users/admin/PycharmProjects/flaskProject/fluskmode/ssh_cli.py modified
[2022-04-23 19:47:41 +0800] [49197] [INFO] Worker exiting (pid: 49197)
[2022-04-23 19:47:41 +0800] [49423] [INFO] Booting worker with pid: 49423
[2022-04-23 19:47:41 +0800] [49199] [INFO] Worker reloading: /Users/admin/PycharmProjects/flaskProject/fluskmode/ssh_cli.py modified
[2022-04-23 19:47:41 +0800] [49199] [INFO] Worker exiting (pid: 49199)
[2022-04-23 19:47:41 +0800] [49198] [INFO] Worker reloading: /Users/admin/PycharmProjects/flaskProject/fluskmode/ssh_cli.py modified
[2022-04-23 19:47:41 +0800] [49198] [INFO] Worker exiting (pid: 49198)
[2022-04-23 19:47:42 +0800] [49424] [INFO] Booting worker with pid: 49424
[2022-04-23 19:47:42 +0800] [49200] [INFO] Worker reloading: /Users/admin/PycharmProjects/flaskProject/fluskmode/ssh_cli.py modified
[2022-04-23 19:47:42 +0800] [49200] [INFO] Worker exiting (pid: 49200)
[2022-04-23 19:47:42 +0800] [49201] [INFO] Worker reloading: /Users/admin/PycharmProjects/flaskProject/fluskmode/ssh_cli.py modified
[2022-04-23 19:47:42 +0800] [49201] [INFO] Worker exiting (pid: 49201)
[2022-04-23 19:47:42 +0800] [49202] [INFO] Worker reloading: /Users/admin/PycharmProjects/flaskProject/fluskmode/ssh_cli.py modified
[2022-04-23 19:47:42 +0800] [49202] [INFO] Worker exiting (pid: 49202)
[2022-04-23 19:47:42 +0800] [49425] [INFO] Booting worker with pid: 49425
[2022-04-23 19:47:42 +0800] [49203] [INFO] Worker reloading: /Users/admin/PycharmProjects/flaskProject/fluskmode/ssh_cli.py modified
[2022-04-23 19:47:42 +0800] [49203] [INFO] Worker exiting (pid: 49203)
[2022-04-23 19:47:42 +0800] [49427] [INFO] Booting worker with pid: 49427
[2022-04-23 19:47:42 +0800] [49204] [INFO] Worker reloading: /Users/admin/PycharmProjects/flaskProject/fluskmode/ssh_cli.py modified
[2022-04-23 19:47:42 +0800] [49204] [INFO] Worker exiting (pid: 49204)
[2022-04-23 19:47:42 +0800] [49428] [INFO] Booting worker with pid: 49428
[2022-04-23 19:47:42 +0800] [49429] [INFO] Booting worker with pid: 49429
[2022-04-23 19:47:42 +0800] [49430] [INFO] Booting worker with pid: 49430
[2022-04-23 19:47:42 +0800] [49431] [INFO] Booting worker with pid: 49431
[2022-04-23 19:47:42 +0800] [49432] [INFO] Booting worker with pid: 49432
[2022-04-23 19:48:13 +0800] [49423] [INFO] Worker reloading: /Users/admin/PycharmProjects/flaskProject/fluskmode/ssh_cli.py modified
[2022-04-23 19:48:13 +0800] [49423] [INFO] Worker exiting (pid: 49423)
[2022-04-23 19:48:13 +0800] [49424] [INFO] Worker reloading: /Users/admin/PycharmProjects/flaskProject/fluskmode/ssh_cli.py modified
[2022-04-23 19:48:13 +0800] [49424] [INFO] Worker exiting (pid: 49424)
[2022-04-23 19:48:13 +0800] [49555] [INFO] Booting worker with pid: 49555
[2022-04-23 19:48:13 +0800] [49425] [INFO] Worker reloading: /Users/admin/PycharmProjects/flaskProject/fluskmode/ssh_cli.py modified
[2022-04-23 19:48:13 +0800] [49425] [INFO] Worker exiting (pid: 49425)
[2022-04-23 19:48:13 +0800] [49556] [INFO] Booting worker with pid: 49556
[2022-04-23 19:48:13 +0800] [49427] [INFO] Worker reloading: /Users/admin/PycharmProjects/flaskProject/fluskmode/ssh_cli.py modified
[2022-04-23 19:48:13 +0800] [49427] [INFO] Worker exiting (pid: 49427)
[2022-04-23 19:48:13 +0800] [49558] [INFO] Booting worker with pid: 49558
[2022-04-23 19:48:13 +0800] [49428] [INFO] Worker reloading: /Users/admin/PycharmProjects/flaskProject/fluskmode/ssh_cli.py modified
[2022-04-23 19:48:13 +0800] [49428] [INFO] Worker exiting (pid: 49428)
[2022-04-23 19:48:13 +0800] [49429] [INFO] Worker reloading: /Users/admin/PycharmProjects/flaskProject/fluskmode/ssh_cli.py modified
[2022-04-23 19:48:13 +0800] [49429] [INFO] Worker exiting (pid: 49429)
[2022-04-23 19:48:13 +0800] [49559] [INFO] Booting worker with pid: 49559
[2022-04-23 19:48:13 +0800] [49430] [INFO] Worker reloading: /Users/admin/PycharmProjects/flaskProject/fluskmode/ssh_cli.py modified
[2022-04-23 19:48:13 +0800] [49430] [INFO] Worker exiting (pid: 49430)
[2022-04-23 19:48:13 +0800] [49560] [INFO] Booting worker with pid: 49560
[2022-04-23 19:48:13 +0800] [49431] [INFO] Worker reloading: /Users/admin/PycharmProjects/flaskProject/fluskmode/ssh_cli.py modified
[2022-04-23 19:48:13 +0800] [49431] [INFO] Worker exiting (pid: 49431)
[2022-04-23 19:48:13 +0800] [49561] [INFO] Booting worker with pid: 49561
[2022-04-23 19:48:13 +0800] [49432] [INFO] Worker reloading: /Users/admin/PycharmProjects/flaskProject/fluskmode/ssh_cli.py modified
[2022-04-23 19:48:13 +0800] [49432] [INFO] Worker exiting (pid: 49432)
[2022-04-23 19:48:14 +0800] [49562] [INFO] Booting worker with pid: 49562
[2022-04-23 19:48:14 +0800] [49563] [INFO] Booting worker with pid: 49563
[2022-04-23 19:48:14 +0800] [49564] [INFO] Booting worker with pid: 49564
[2022-04-23 19:49:04 +0800] [49556] [INFO] Worker reloading: /Users/admin/PycharmProjects/flaskProject/fluskmode/ssh_cli.py modified
[2022-04-23 19:49:04 +0800] [49556] [INFO] Worker exiting (pid: 49556)
[2022-04-23 19:49:05 +0800] [49558] [INFO] Worker reloading: /Users/admin/PycharmProjects/flaskProject/fluskmode/ssh_cli.py modified
[2022-04-23 19:49:05 +0800] [49558] [INFO] Worker exiting (pid: 49558)
[2022-04-23 19:49:05 +0800] [49741] [INFO] Booting worker with pid: 49741
[2022-04-23 19:49:05 +0800] [49559] [INFO] Worker reloading: /Users/admin/PycharmProjects/flaskProject/fluskmode/ssh_cli.py modified
[2022-04-23 19:49:05 +0800] [49559] [INFO] Worker exiting (pid: 49559)
[2022-04-23 19:49:05 +0800] [49742] [INFO] Booting worker with pid: 49742
[2022-04-23 19:49:05 +0800] [49560] [INFO] Worker reloading: /Users/admin/PycharmProjects/flaskProject/fluskmode/ssh_cli.py modified
[2022-04-23 19:49:05 +0800] [49560] [INFO] Worker exiting (pid: 49560)
[2022-04-23 19:49:05 +0800] [49743] [INFO] Booting worker with pid: 49743
[2022-04-23 19:49:05 +0800] [49561] [INFO] Worker reloading: /Users/admin/PycharmProjects/flaskProject/fluskmode/ssh_cli.py modified
[2022-04-23 19:49:05 +0800] [49561] [INFO] Worker exiting (pid: 49561)
[2022-04-23 19:49:05 +0800] [49744] [INFO] Booting worker with pid: 49744
[2022-04-23 19:49:05 +0800] [49562] [INFO] Worker reloading: /Users/admin/PycharmProjects/flaskProject/fluskmode/ssh_cli.py modified
[2022-04-23 19:49:05 +0800] [49562] [INFO] Worker exiting (pid: 49562)
[2022-04-23 19:49:05 +0800] [49745] [INFO] Booting worker with pid: 49745
[2022-04-23 19:49:05 +0800] [49563] [INFO] Worker reloading: /Users/admin/PycharmProjects/flaskProject/fluskmode/ssh_cli.py modified
[2022-04-23 19:49:05 +0800] [49563] [INFO] Worker exiting (pid: 49563)
[2022-04-23 19:49:05 +0800] [49747] [INFO] Booting worker with pid: 49747
[2022-04-23 19:49:05 +0800] [49564] [INFO] Worker reloading: /Users/admin/PycharmProjects/flaskProject/fluskmode/ssh_cli.py modified
[2022-04-23 19:49:05 +0800] [49564] [INFO] Worker exiting (pid: 49564)
[2022-04-23 19:49:05 +0800] [49748] [INFO] Booting worker with pid: 49748
[2022-04-23 19:49:05 +0800] [49749] [INFO] Booting worker with pid: 49749
[2022-04-23 19:49:05 +0800] [49555] [INFO] Worker reloading: /Users/admin/PycharmProjects/flaskProject/fluskmode/ssh_cli.py modified
[2022-04-23 19:49:05 +0800] [49555] [INFO] Worker exiting (pid: 49555)
[2022-04-23 19:49:06 +0800] [49750] [INFO] Booting worker with pid: 49750
[2022-04-23 19:49:33 +0800] [49750] [INFO] Worker reloading: /Users/admin/PycharmProjects/flaskProject/fluskmode/ssh_cli.py modified
[2022-04-23 19:49:33 +0800] [49750] [INFO] Worker exiting (pid: 49750)
[2022-04-23 19:49:33 +0800] [49741] [INFO] Worker reloading: /Users/admin/PycharmProjects/flaskProject/fluskmode/ssh_cli.py modified
[2022-04-23 19:49:33 +0800] [49741] [INFO] Worker exiting (pid: 49741)
[2022-04-23 19:49:33 +0800] [49845] [INFO] Booting worker with pid: 49845
[2022-04-23 19:49:33 +0800] [49742] [INFO] Worker reloading: /Users/admin/PycharmProjects/flaskProject/fluskmode/ssh_cli.py modified
[2022-04-23 19:49:33 +0800] [49742] [INFO] Worker exiting (pid: 49742)
[2022-04-23 19:49:33 +0800] [49743] [INFO] Worker reloading: /Users/admin/PycharmProjects/flaskProject/fluskmode/ssh_cli.py modified
[2022-04-23 19:49:33 +0800] [49743] [INFO] Worker exiting (pid: 49743)
[2022-04-23 19:49:33 +0800] [49846] [INFO] Booting worker with pid: 49846
[2022-04-23 19:49:33 +0800] [49744] [INFO] Worker reloading: /Users/admin/PycharmProjects/flaskProject/fluskmode/ssh_cli.py modified
[2022-04-23 19:49:33 +0800] [49744] [INFO] Worker exiting (pid: 49744)
[2022-04-23 19:49:33 +0800] [49847] [INFO] Booting worker with pid: 49847
[2022-04-23 19:49:33 +0800] [49745] [INFO] Worker reloading: /Users/admin/PycharmProjects/flaskProject/fluskmode/ssh_cli.py modified
[2022-04-23 19:49:33 +0800] [49745] [INFO] Worker exiting (pid: 49745)
[2022-04-23 19:49:33 +0800] [49747] [INFO] Worker reloading: /Users/admin/PycharmProjects/flaskProject/fluskmode/ssh_cli.py modified
[2022-04-23 19:49:33 +0800] [49747] [INFO] Worker exiting (pid: 49747)
[2022-04-23 19:49:33 +0800] [49849] [INFO] Booting worker with pid: 49849
[2022-04-23 19:49:33 +0800] [49748] [INFO] Worker reloading: /Users/admin/PycharmProjects/flaskProject/fluskmode/ssh_cli.py modified
[2022-04-23 19:49:33 +0800] [49748] [INFO] Worker exiting (pid: 49748)
[2022-04-23 19:49:33 +0800] [49850] [INFO] Booting worker with pid: 49850
[2022-04-23 19:49:34 +0800] [49749] [INFO] Worker reloading: /Users/admin/PycharmProjects/flaskProject/fluskmode/ssh_cli.py modified
[2022-04-23 19:49:34 +0800] [49749] [INFO] Worker exiting (pid: 49749)
[2022-04-23 19:49:34 +0800] [49851] [INFO] Booting worker with pid: 49851
[2022-04-23 19:49:34 +0800] [49852] [INFO] Booting worker with pid: 49852
[2022-04-23 19:49:34 +0800] [49853] [INFO] Booting worker with pid: 49853
[2022-04-23 19:49:34 +0800] [49854] [INFO] Booting worker with pid: 49854
[2022-04-23 19:49:34 +0800] [49191] [INFO] Handling signal: int
[2022-04-23 19:49:34 +0800] [49845] [INFO] Worker exiting (pid: 49845)
[2022-04-23 19:49:34 +0800] [49846] [INFO] Worker exiting (pid: 49846)
[2022-04-23 19:49:34 +0800] [49851] [INFO] Worker exiting (pid: 49851)
[2022-04-23 19:49:34 +0800] [49849] [INFO] Worker exiting (pid: 49849)
[2022-04-23 19:49:34 +0800] [49847] [INFO] Worker exiting (pid: 49847)
[2022-04-23 19:49:34 +0800] [49852] [INFO] Worker exiting (pid: 49852)
[2022-04-23 19:49:34 +0800] [49850] [INFO] Worker exiting (pid: 49850)
[2022-04-23 19:49:34 +0800] [49853] [INFO] Worker exiting (pid: 49853)
[2022-04-23 19:49:34 +0800] [49854] [INFO] Worker exiting (pid: 49854)
[2022-04-23 19:49:35 +0800] [49191] [INFO] Shutting down: Master
[2022-04-23 19:49:37 +0800] [49873] [INFO] Starting gunicorn 20.1.0
[2022-04-23 19:49:37 +0800] [49873] [INFO] Listening at: http://0.0.0.0:23456 (49873)
[2022-04-23 19:49:37 +0800] [49873] [INFO] Using worker: gevent
[2022-04-23 19:49:37 +0800] [49878] [INFO] Booting worker with pid: 49878
[2022-04-23 19:49:37 +0800] [49879] [INFO] Booting worker with pid: 49879
[2022-04-23 19:49:37 +0800] [49880] [INFO] Booting worker with pid: 49880
[2022-04-23 19:49:37 +0800] [49881] [INFO] Booting worker with pid: 49881
[2022-04-23 19:49:37 +0800] [49882] [INFO] Booting worker with pid: 49882
[2022-04-23 19:49:37 +0800] [49883] [INFO] Booting worker with pid: 49883
[2022-04-23 19:49:37 +0800] [49884] [INFO] Booting worker with pid: 49884
[2022-04-23 19:49:37 +0800] [49885] [INFO] Booting worker with pid: 49885
[2022-04-23 19:49:37 +0800] [49886] [INFO] Booting worker with pid: 49886
[2022-04-23 19:50:34 +0800] [49883] [INFO] Worker reloading: /Users/admin/PycharmProjects/flaskProject/fluskmode/ssh_cli.py modified
[2022-04-23 19:50:34 +0800] [49883] [INFO] Worker exiting (pid: 49883)
[2022-04-23 19:50:35 +0800] [49884] [INFO] Worker reloading: /Users/admin/PycharmProjects/flaskProject/fluskmode/ssh_cli.py modified
[2022-04-23 19:50:35 +0800] [49884] [INFO] Worker exiting (pid: 49884)
[2022-04-23 19:50:35 +0800] [49885] [INFO] Worker reloading: /Users/admin/PycharmProjects/flaskProject/fluskmode/ssh_cli.py modified
[2022-04-23 19:50:35 +0800] [49885] [INFO] Worker exiting (pid: 49885)
[2022-04-23 19:50:35 +0800] [49886] [INFO] Worker reloading: /Users/admin/PycharmProjects/flaskProject/fluskmode/ssh_cli.py modified
[2022-04-23 19:50:35 +0800] [49886] [INFO] Worker exiting (pid: 49886)
[2022-04-23 19:50:35 +0800] [50084] [INFO] Booting worker with pid: 50084
[2022-04-23 19:50:35 +0800] [50085] [INFO] Booting worker with pid: 50085
[2022-04-23 19:50:35 +0800] [50086] [INFO] Booting worker with pid: 50086
[2022-04-23 19:50:35 +0800] [50087] [INFO] Booting worker with pid: 50087
[2022-04-23 19:50:35 +0800] [49878] [INFO] Worker reloading: /Users/admin/PycharmProjects/flaskProject/fluskmode/ssh_cli.py modified
[2022-04-23 19:50:35 +0800] [49878] [INFO] Worker exiting (pid: 49878)
[2022-04-23 19:50:35 +0800] [49879] [INFO] Worker reloading: /Users/admin/PycharmProjects/flaskProject/fluskmode/ssh_cli.py modified
[2022-04-23 19:50:35 +0800] [49879] [INFO] Worker exiting (pid: 49879)
[2022-04-23 19:50:35 +0800] [49880] [INFO] Worker reloading: /Users/admin/PycharmProjects/flaskProject/fluskmode/ssh_cli.py modified
[2022-04-23 19:50:35 +0800] [49880] [INFO] Worker exiting (pid: 49880)
[2022-04-23 19:50:35 +0800] [50090] [INFO] Booting worker with pid: 50090
[2022-04-23 19:50:35 +0800] [49881] [INFO] Worker reloading: /Users/admin/PycharmProjects/flaskProject/fluskmode/ssh_cli.py modified
[2022-04-23 19:50:35 +0800] [49881] [INFO] Worker exiting (pid: 49881)
[2022-04-23 19:50:35 +0800] [49882] [INFO] Worker reloading: /Users/admin/PycharmProjects/flaskProject/fluskmode/ssh_cli.py modified
[2022-04-23 19:50:35 +0800] [49882] [INFO] Worker exiting (pid: 49882)
[2022-04-23 19:50:36 +0800] [50095] [INFO] Booting worker with pid: 50095
[2022-04-23 19:50:36 +0800] [50100] [INFO] Booting worker with pid: 50100
[2022-04-23 19:50:36 +0800] [50103] [INFO] Booting worker with pid: 50103
[2022-04-23 19:50:36 +0800] [50106] [INFO] Booting worker with pid: 50106
[2022-04-23 19:50:36 +0800] [49873] [INFO] Handling signal: int
[2022-04-23 19:50:36 +0800] [50086] [INFO] Worker exiting (pid: 50086)
[2022-04-23 19:50:36 +0800] [50084] [INFO] Worker exiting (pid: 50084)
[2022-04-23 19:50:36 +0800] [50087] [INFO] Worker exiting (pid: 50087)
[2022-04-23 19:50:36 +0800] [50095] [INFO] Worker exiting (pid: 50095)
[2022-04-23 19:50:36 +0800] [50090] [INFO] Worker exiting (pid: 50090)
[2022-04-23 19:50:36 +0800] [50085] [INFO] Worker exiting (pid: 50085)
[2022-04-23 19:50:36 +0800] [50100] [INFO] Worker exiting (pid: 50100)
[2022-04-23 19:50:36 +0800] [50103] [INFO] Worker exiting (pid: 50103)
[2022-04-23 19:50:38 +0800] [50106] [INFO] Worker exiting (pid: 50106)
[2022-04-23 19:50:38 +0800] [49873] [INFO] Shutting down: Master
[2022-04-23 19:50:40 +0800] [50117] [INFO] Starting gunicorn 20.1.0
[2022-04-23 19:50:40 +0800] [50117] [INFO] Listening at: http://0.0.0.0:23456 (50117)
[2022-04-23 19:50:40 +0800] [50117] [INFO] Using worker: gevent
[2022-04-23 19:50:40 +0800] [50122] [INFO] Booting worker with pid: 50122
[2022-04-23 19:50:40 +0800] [50123] [INFO] Booting worker with pid: 50123
[2022-04-23 19:50:40 +0800] [50124] [INFO] Booting worker with pid: 50124
[2022-04-23 19:50:40 +0800] [50125] [INFO] Booting worker with pid: 50125
[2022-04-23 19:50:40 +0800] [50126] [INFO] Booting worker with pid: 50126
[2022-04-23 19:50:40 +0800] [50127] [INFO] Booting worker with pid: 50127
[2022-04-23 19:50:41 +0800] [50128] [INFO] Booting worker with pid: 50128
[2022-04-23 19:50:41 +0800] [50129] [INFO] Booting worker with pid: 50129
[2022-04-23 19:50:41 +0800] [50130] [INFO] Booting worker with pid: 50130
[2022-04-23 19:52:34 +0800] [50122] [INFO] Worker reloading: /Users/admin/PycharmProjects/flaskProject/fluskmode/ssh_cli.py modified
[2022-04-23 19:52:34 +0800] [50122] [INFO] Worker exiting (pid: 50122)
[2022-04-23 19:52:34 +0800] [50123] [INFO] Worker reloading: /Users/admin/PycharmProjects/flaskProject/fluskmode/ssh_cli.py modified
[2022-04-23 19:52:34 +0800] [50123] [INFO] Worker exiting (pid: 50123)
[2022-04-23 19:52:34 +0800] [50124] [INFO] Worker reloading: /Users/admin/PycharmProjects/flaskProject/fluskmode/ssh_cli.py modified
[2022-04-23 19:52:34 +0800] [50124] [INFO] Worker exiting (pid: 50124)
[2022-04-23 19:52:34 +0800] [50536] [INFO] Booting worker with pid: 50536
[2022-04-23 19:52:34 +0800] [50125] [INFO] Worker reloading: /Users/admin/PycharmProjects/flaskProject/fluskmode/ssh_cli.py modified
[2022-04-23 19:52:34 +0800] [50125] [INFO] Worker exiting (pid: 50125)
[2022-04-23 19:52:34 +0800] [50537] [INFO] Booting worker with pid: 50537
[2022-04-23 19:52:34 +0800] [50538] [INFO] Booting worker with pid: 50538
[2022-04-23 19:52:34 +0800] [50126] [INFO] Worker reloading: /Users/admin/PycharmProjects/flaskProject/fluskmode/ssh_cli.py modified
[2022-04-23 19:52:34 +0800] [50126] [INFO] Worker exiting (pid: 50126)
[2022-04-23 19:52:34 +0800] [50127] [INFO] Worker reloading: /Users/admin/PycharmProjects/flaskProject/fluskmode/ssh_cli.py modified
[2022-04-23 19:52:34 +0800] [50127] [INFO] Worker exiting (pid: 50127)
[2022-04-23 19:52:35 +0800] [50128] [INFO] Worker reloading: /Users/admin/PycharmProjects/flaskProject/fluskmode/ssh_cli.py modified
[2022-04-23 19:52:35 +0800] [50129] [INFO] Worker reloading: /Users/admin/PycharmProjects/flaskProject/fluskmode/ssh_cli.py modified
[2022-04-23 19:52:35 +0800] [50128] [INFO] Worker exiting (pid: 50128)
[2022-04-23 19:52:35 +0800] [50129] [INFO] Worker exiting (pid: 50129)
[2022-04-23 19:52:35 +0800] [50130] [INFO] Worker reloading: /Users/admin/PycharmProjects/flaskProject/fluskmode/ssh_cli.py modified
[2022-04-23 19:52:35 +0800] [50130] [INFO] Worker exiting (pid: 50130)
[2022-04-23 19:52:35 +0800] [50540] [INFO] Booting worker with pid: 50540
[2022-04-23 19:52:35 +0800] [50541] [INFO] Booting worker with pid: 50541
[2022-04-23 19:52:35 +0800] [50542] [INFO] Booting worker with pid: 50542
[2022-04-23 19:52:35 +0800] [50543] [INFO] Booting worker with pid: 50543
[2022-04-23 19:52:35 +0800] [50544] [INFO] Booting worker with pid: 50544
[2022-04-23 19:52:35 +0800] [50545] [INFO] Booting worker with pid: 50545
[2022-04-23 19:56:14 +0800] [50541] [INFO] Worker reloading: /Users/admin/PycharmProjects/flaskProject/fluskmode/ssh_cli.py modified
[2022-04-23 19:56:14 +0800] [50541] [INFO] Worker exiting (pid: 50541)
[2022-04-23 19:56:14 +0800] [50544] [INFO] Worker reloading: /Users/admin/PycharmProjects/flaskProject/fluskmode/ssh_cli.py modified
[2022-04-23 19:56:14 +0800] [50542] [INFO] Worker reloading: /Users/admin/PycharmProjects/flaskProject/fluskmode/ssh_cli.py modified
[2022-04-23 19:56:14 +0800] [50544] [INFO] Worker exiting (pid: 50544)
[2022-04-23 19:56:14 +0800] [50542] [INFO] Worker exiting (pid: 50542)
[2022-04-23 19:56:14 +0800] [50545] [INFO] Worker reloading: /Users/admin/PycharmProjects/flaskProject/fluskmode/ssh_cli.py modified
[2022-04-23 19:56:14 +0800] [50545] [INFO] Worker exiting (pid: 50545)
[2022-04-23 19:56:14 +0800] [50543] [INFO] Worker reloading: /Users/admin/PycharmProjects/flaskProject/fluskmode/ssh_cli.py modified
[2022-04-23 19:56:14 +0800] [50543] [INFO] Worker exiting (pid: 50543)
[2022-04-23 19:56:14 +0800] [50536] [INFO] Worker reloading: /Users/admin/PycharmProjects/flaskProject/fluskmode/ssh_cli.py modified
[2022-04-23 19:56:14 +0800] [50536] [INFO] Worker exiting (pid: 50536)
[2022-04-23 19:56:14 +0800] [51300] [INFO] Booting worker with pid: 51300
[2022-04-23 19:56:14 +0800] [50537] [INFO] Worker reloading: /Users/admin/PycharmProjects/flaskProject/fluskmode/ssh_cli.py modified
[2022-04-23 19:56:14 +0800] [50537] [INFO] Worker exiting (pid: 50537)
[2022-04-23 19:56:14 +0800] [50538] [INFO] Worker reloading: /Users/admin/PycharmProjects/flaskProject/fluskmode/ssh_cli.py modified
[2022-04-23 19:56:14 +0800] [50538] [INFO] Worker exiting (pid: 50538)
[2022-04-23 19:56:15 +0800] [51303] [INFO] Booting worker with pid: 51303
[2022-04-23 19:56:15 +0800] [50540] [INFO] Worker reloading: /Users/admin/PycharmProjects/flaskProject/fluskmode/ssh_cli.py modified
[2022-04-23 19:56:15 +0800] [50540] [INFO] Worker exiting (pid: 50540)
[2022-04-23 19:56:15 +0800] [51305] [INFO] Booting worker with pid: 51305
[2022-04-23 19:56:15 +0800] [51306] [INFO] Booting worker with pid: 51306
[2022-04-23 19:56:15 +0800] [51307] [INFO] Booting worker with pid: 51307
[2022-04-23 19:56:15 +0800] [51311] [INFO] Booting worker with pid: 51311
[2022-04-23 19:56:15 +0800] [51313] [INFO] Booting worker with pid: 51313
[2022-04-23 19:56:15 +0800] [51315] [INFO] Booting worker with pid: 51315
[2022-04-23 19:56:15 +0800] [51319] [INFO] Booting worker with pid: 51319
[2022-04-23 19:56:17 +0800] [51319] [INFO] Worker reloading: /Users/admin/PycharmProjects/flaskProject/fluskmode/ssh_cli.py modified
[2022-04-23 19:56:17 +0800] [51319] [INFO] Worker exiting (pid: 51319)
[2022-04-23 19:56:17 +0800] [51300] [INFO] Worker reloading: /Users/admin/PycharmProjects/flaskProject/fluskmode/ssh_cli.py modified
[2022-04-23 19:56:17 +0800] [51300] [INFO] Worker exiting (pid: 51300)
[2022-04-23 19:56:17 +0800] [51331] [INFO] Booting worker with pid: 51331
[2022-04-23 19:56:17 +0800] [51332] [INFO] Booting worker with pid: 51332
[2022-04-23 19:56:18 +0800] [51303] [INFO] Worker reloading: /Users/admin/PycharmProjects/flaskProject/fluskmode/ssh_cli.py modified
[2022-04-23 19:56:18 +0800] [51303] [INFO] Worker exiting (pid: 51303)
[2022-04-23 19:56:18 +0800] [51333] [INFO] Booting worker with pid: 51333
[2022-04-23 19:56:18 +0800] [51305] [INFO] Worker reloading: /Users/admin/PycharmProjects/flaskProject/fluskmode/ssh_cli.py modified
[2022-04-23 19:56:18 +0800] [51305] [INFO] Worker exiting (pid: 51305)
[2022-04-23 19:56:18 +0800] [51306] [INFO] Worker reloading: /Users/admin/PycharmProjects/flaskProject/fluskmode/ssh_cli.py modified
[2022-04-23 19:56:18 +0800] [51306] [INFO] Worker exiting (pid: 51306)
[2022-04-23 19:56:18 +0800] [51307] [INFO] Worker reloading: /Users/admin/PycharmProjects/flaskProject/fluskmode/ssh_cli.py modified
[2022-04-23 19:56:18 +0800] [51307] [INFO] Worker exiting (pid: 51307)
[2022-04-23 19:56:18 +0800] [51311] [INFO] Worker reloading: /Users/admin/PycharmProjects/flaskProject/fluskmode/ssh_cli.py modified
[2022-04-23 19:56:18 +0800] [51311] [INFO] Worker exiting (pid: 51311)
[2022-04-23 19:56:18 +0800] [51336] [INFO] Booting worker with pid: 51336
[2022-04-23 19:56:18 +0800] [51313] [INFO] Worker reloading: /Users/admin/PycharmProjects/flaskProject/fluskmode/ssh_cli.py modified
[2022-04-23 19:56:18 +0800] [51313] [INFO] Worker exiting (pid: 51313)
[2022-04-23 19:56:18 +0800] [51337] [INFO] Booting worker with pid: 51337
[2022-04-23 19:56:18 +0800] [51315] [INFO] Worker reloading: /Users/admin/PycharmProjects/flaskProject/fluskmode/ssh_cli.py modified
[2022-04-23 19:56:18 +0800] [51315] [INFO] Worker exiting (pid: 51315)
[2022-04-23 19:56:18 +0800] [51338] [INFO] Booting worker with pid: 51338
[2022-04-23 19:56:18 +0800] [51339] [INFO] Booting worker with pid: 51339
[2022-04-23 19:56:18 +0800] [51340] [INFO] Booting worker with pid: 51340
[2022-04-23 19:56:19 +0800] [51341] [INFO] Booting worker with pid: 51341
[2022-04-23 19:56:31 +0800] [51341] [INFO] Worker reloading: /Users/admin/PycharmProjects/flaskProject/fluskmode/ssh_cli.py modified
[2022-04-23 19:56:31 +0800] [51341] [INFO] Worker exiting (pid: 51341)
[2022-04-23 19:56:31 +0800] [51381] [INFO] Booting worker with pid: 51381
[2022-04-23 19:56:31 +0800] [51333] [INFO] Worker reloading: /Users/admin/PycharmProjects/flaskProject/fluskmode/ssh_cli.py modified
[2022-04-23 19:56:31 +0800] [51333] [INFO] Worker exiting (pid: 51333)
[2022-04-23 19:56:31 +0800] [51382] [INFO] Booting worker with pid: 51382
[2022-04-23 19:56:31 +0800] [51336] [INFO] Worker reloading: /Users/admin/PycharmProjects/flaskProject/fluskmode/ssh_cli.py modified
[2022-04-23 19:56:31 +0800] [51336] [INFO] Worker exiting (pid: 51336)
[2022-04-23 19:56:31 +0800] [51337] [INFO] Worker reloading: /Users/admin/PycharmProjects/flaskProject/fluskmode/ssh_cli.py modified
[2022-04-23 19:56:31 +0800] [51337] [INFO] Worker exiting (pid: 51337)
[2022-04-23 19:56:31 +0800] [51383] [INFO] Booting worker with pid: 51383
[2022-04-23 19:56:31 +0800] [51338] [INFO] Worker reloading: /Users/admin/PycharmProjects/flaskProject/fluskmode/ssh_cli.py modified
[2022-04-23 19:56:31 +0800] [51338] [INFO] Worker exiting (pid: 51338)
[2022-04-23 19:56:31 +0800] [51385] [INFO] Booting worker with pid: 51385
[2022-04-23 19:56:31 +0800] [51331] [INFO] Worker reloading: /Users/admin/PycharmProjects/flaskProject/fluskmode/ssh_cli.py modified
[2022-04-23 19:56:31 +0800] [51331] [INFO] Worker exiting (pid: 51331)
[2022-04-23 19:56:31 +0800] [51386] [INFO] Booting worker with pid: 51386
[2022-04-23 19:56:31 +0800] [51339] [INFO] Worker reloading: /Users/admin/PycharmProjects/flaskProject/fluskmode/ssh_cli.py modified
[2022-04-23 19:56:31 +0800] [51339] [INFO] Worker exiting (pid: 51339)
[2022-04-23 19:56:32 +0800] [51332] [INFO] Worker reloading: /Users/admin/PycharmProjects/flaskProject/fluskmode/ssh_cli.py modified
[2022-04-23 19:56:32 +0800] [51332] [INFO] Worker exiting (pid: 51332)
[2022-04-23 19:56:32 +0800] [51340] [INFO] Worker reloading: /Users/admin/PycharmProjects/flaskProject/fluskmode/ssh_cli.py modified
[2022-04-23 19:56:32 +0800] [51340] [INFO] Worker exiting (pid: 51340)
[2022-04-23 19:56:32 +0800] [51391] [INFO] Booting worker with pid: 51391
[2022-04-23 19:56:32 +0800] [51393] [INFO] Booting worker with pid: 51393
[2022-04-23 19:56:32 +0800] [51397] [INFO] Booting worker with pid: 51397
[2022-04-23 19:56:32 +0800] [51404] [INFO] Booting worker with pid: 51404
[2022-04-23 19:56:33 +0800] [50117] [INFO] Handling signal: int
[2022-04-23 19:56:33 +0800] [51404] [INFO] Worker exiting (pid: 51404)
[2022-04-23 19:56:33 +0800] [51381] [INFO] Worker exiting (pid: 51381)
[2022-04-23 19:56:33 +0800] [51391] [INFO] Worker exiting (pid: 51391)
[2022-04-23 19:56:33 +0800] [51383] [INFO] Worker exiting (pid: 51383)
[2022-04-23 19:56:33 +0800] [51382] [INFO] Worker exiting (pid: 51382)
[2022-04-23 19:56:33 +0800] [51397] [INFO] Worker exiting (pid: 51397)
[2022-04-23 19:56:33 +0800] [51385] [INFO] Worker exiting (pid: 51385)
[2022-04-23 19:56:33 +0800] [51386] [INFO] Worker exiting (pid: 51386)
[2022-04-23 19:56:33 +0800] [51393] [INFO] Worker exiting (pid: 51393)
[2022-04-23 19:56:34 +0800] [50117] [INFO] Shutting down: Master
[2022-04-23 19:56:35 +0800] [51410] [INFO] Starting gunicorn 20.1.0
[2022-04-23 19:56:35 +0800] [51410] [INFO] Listening at: http://0.0.0.0:23456 (51410)
[2022-04-23 19:56:35 +0800] [51410] [INFO] Using worker: gevent
[2022-04-23 19:56:35 +0800] [51415] [INFO] Booting worker with pid: 51415
[2022-04-23 19:56:36 +0800] [51416] [INFO] Booting worker with pid: 51416
[2022-04-23 19:56:36 +0800] [51417] [INFO] Booting worker with pid: 51417
[2022-04-23 19:56:36 +0800] [51418] [INFO] Booting worker with pid: 51418
[2022-04-23 19:56:36 +0800] [51419] [INFO] Booting worker with pid: 51419
[2022-04-23 19:56:36 +0800] [51420] [INFO] Booting worker with pid: 51420
[2022-04-23 19:56:36 +0800] [51421] [INFO] Booting worker with pid: 51421
[2022-04-23 19:56:36 +0800] [51422] [INFO] Booting worker with pid: 51422
[2022-04-23 19:56:36 +0800] [51423] [INFO] Booting worker with pid: 51423
[2022-04-23 19:57:25 +0800] [51417] [INFO] Worker reloading: /Users/admin/PycharmProjects/flaskProject/app.py modified
[2022-04-23 19:57:25 +0800] [51417] [INFO] Worker exiting (pid: 51417)
[2022-04-23 19:57:25 +0800] [51418] [INFO] Worker reloading: /Users/admin/PycharmProjects/flaskProject/app.py modified
[2022-04-23 19:57:25 +0800] [51418] [INFO] Worker exiting (pid: 51418)
[2022-04-23 19:57:25 +0800] [51420] [INFO] Worker reloading: /Users/admin/PycharmProjects/flaskProject/app.py modified
[2022-04-23 19:57:25 +0800] [51419] [INFO] Worker reloading: /Users/admin/PycharmProjects/flaskProject/app.py modified
[2022-04-23 19:57:25 +0800] [51420] [INFO] Worker exiting (pid: 51420)
[2022-04-23 19:57:25 +0800] [51419] [INFO] Worker exiting (pid: 51419)
[2022-04-23 19:57:25 +0800] [51421] [INFO] Worker reloading: /Users/admin/PycharmProjects/flaskProject/app.py modified
[2022-04-23 19:57:25 +0800] [51422] [INFO] Worker reloading: /Users/admin/PycharmProjects/flaskProject/app.py modified
[2022-04-23 19:57:25 +0800] [51422] [INFO] Worker exiting (pid: 51422)
[2022-04-23 19:57:25 +0800] [51421] [INFO] Worker exiting (pid: 51421)
[2022-04-23 19:57:25 +0800] [51603] [INFO] Booting worker with pid: 51603
[2022-04-23 19:57:25 +0800] [51423] [INFO] Worker reloading: /Users/admin/PycharmProjects/flaskProject/app.py modified
[2022-04-23 19:57:25 +0800] [51423] [INFO] Worker exiting (pid: 51423)
[2022-04-23 19:57:26 +0800] [51604] [INFO] Booting worker with pid: 51604
[2022-04-23 19:57:26 +0800] [51606] [INFO] Booting worker with pid: 51606
[2022-04-23 19:57:26 +0800] [51607] [INFO] Booting worker with pid: 51607
[2022-04-23 19:57:26 +0800] [51608] [INFO] Booting worker with pid: 51608
[2022-04-23 19:57:26 +0800] [51609] [INFO] Booting worker with pid: 51609
[2022-04-23 19:57:26 +0800] [51610] [INFO] Booting worker with pid: 51610
[2022-04-23 19:57:26 +0800] [51416] [INFO] Worker reloading: /Users/admin/PycharmProjects/flaskProject/app.py modified
[2022-04-23 19:57:26 +0800] [51415] [INFO] Worker reloading: /Users/admin/PycharmProjects/flaskProject/app.py modified
[2022-04-23 19:57:26 +0800] [51416] [INFO] Worker exiting (pid: 51416)
[2022-04-23 19:57:26 +0800] [51415] [INFO] Worker exiting (pid: 51415)
[2022-04-23 19:57:26 +0800] [51611] [INFO] Booting worker with pid: 51611
[2022-04-23 19:57:26 +0800] [51612] [INFO] Booting worker with pid: 51612
[2022-04-23 19:57:34 +0800] [51603] [INFO] Worker reloading: /Users/admin/PycharmProjects/flaskProject/app.py modified
[2022-04-23 19:57:34 +0800] [51603] [INFO] Worker exiting (pid: 51603)
[2022-04-23 19:57:35 +0800] [51652] [INFO] Booting worker with pid: 51652
[2022-04-23 19:57:35 +0800] [51604] [INFO] Worker reloading: /Users/admin/PycharmProjects/flaskProject/app.py modified
[2022-04-23 19:57:35 +0800] [51604] [INFO] Worker exiting (pid: 51604)
[2022-04-23 19:57:35 +0800] [51606] [INFO] Worker reloading: /Users/admin/PycharmProjects/flaskProject/app.py modified
[2022-04-23 19:57:35 +0800] [51606] [INFO] Worker exiting (pid: 51606)
[2022-04-23 19:57:35 +0800] [51607] [INFO] Worker reloading: /Users/admin/PycharmProjects/flaskProject/app.py modified
[2022-04-23 19:57:35 +0800] [51607] [INFO] Worker exiting (pid: 51607)
[2022-04-23 19:57:35 +0800] [51608] [INFO] Worker reloading: /Users/admin/PycharmProjects/flaskProject/app.py modified
[2022-04-23 19:57:35 +0800] [51608] [INFO] Worker exiting (pid: 51608)
[2022-04-23 19:57:35 +0800] [51609] [INFO] Worker reloading: /Users/admin/PycharmProjects/flaskProject/app.py modified
[2022-04-23 19:57:35 +0800] [51609] [INFO] Worker exiting (pid: 51609)
[2022-04-23 19:57:35 +0800] [51610] [INFO] Worker reloading: /Users/admin/PycharmProjects/flaskProject/app.py modified
[2022-04-23 19:57:35 +0800] [51610] [INFO] Worker exiting (pid: 51610)
[2022-04-23 19:57:35 +0800] [51654] [INFO] Booting worker with pid: 51654
[2022-04-23 19:57:35 +0800] [51655] [INFO] Booting worker with pid: 51655
[2022-04-23 19:57:35 +0800] [51656] [INFO] Booting worker with pid: 51656
[2022-04-23 19:57:35 +0800] [51611] [INFO] Worker reloading: /Users/admin/PycharmProjects/flaskProject/app.py modified
[2022-04-23 19:57:35 +0800] [51611] [INFO] Worker exiting (pid: 51611)
[2022-04-23 19:57:35 +0800] [51657] [INFO] Booting worker with pid: 51657
[2022-04-23 19:57:35 +0800] [51612] [INFO] Worker reloading: /Users/admin/PycharmProjects/flaskProject/app.py modified
[2022-04-23 19:57:35 +0800] [51612] [INFO] Worker exiting (pid: 51612)
[2022-04-23 19:57:35 +0800] [51658] [INFO] Booting worker with pid: 51658
[2022-04-23 19:57:35 +0800] [51659] [INFO] Booting worker with pid: 51659
[2022-04-23 19:57:35 +0800] [51660] [INFO] Booting worker with pid: 51660
[2022-04-23 19:57:35 +0800] [51661] [INFO] Booting worker with pid: 51661
[2022-04-23 19:57:36 +0800] [51410] [INFO] Handling signal: int
[2022-04-23 19:57:36 +0800] [51660] [INFO] Worker exiting (pid: 51660)
[2022-04-23 19:57:36 +0800] [51661] [INFO] Worker exiting (pid: 51661)
[2022-04-23 19:57:37 +0800] [51655] [INFO] Worker exiting (pid: 51655)
[2022-04-23 19:57:37 +0800] [51652] [INFO] Worker exiting (pid: 51652)
[2022-04-23 19:57:37 +0800] [51654] [INFO] Worker exiting (pid: 51654)
[2022-04-23 19:57:37 +0800] [51657] [INFO] Worker exiting (pid: 51657)
[2022-04-23 19:57:37 +0800] [51658] [INFO] Worker exiting (pid: 51658)
[2022-04-23 19:57:37 +0800] [51656] [INFO] Worker exiting (pid: 51656)
[2022-04-23 19:57:37 +0800] [51659] [INFO] Worker exiting (pid: 51659)
[2022-04-23 19:57:37 +0800] [51410] [INFO] Shutting down: Master
[2022-04-23 20:00:31 +0800] [52319] [INFO] Starting gunicorn 20.1.0
[2022-04-23 20:00:31 +0800] [52319] [INFO] Listening at: http://0.0.0.0:23456 (52319)
[2022-04-23 20:00:31 +0800] [52319] [INFO] Using worker: gevent
[2022-04-23 20:00:31 +0800] [52324] [INFO] Booting worker with pid: 52324
[2022-04-23 20:00:31 +0800] [52325] [INFO] Booting worker with pid: 52325
[2022-04-23 20:00:31 +0800] [52326] [INFO] Booting worker with pid: 52326
[2022-04-23 20:00:31 +0800] [52327] [INFO] Booting worker with pid: 52327
[2022-04-23 20:00:31 +0800] [52328] [INFO] Booting worker with pid: 52328
[2022-04-23 20:00:31 +0800] [52329] [INFO] Booting worker with pid: 52329
[2022-04-23 20:00:31 +0800] [52330] [INFO] Booting worker with pid: 52330
[2022-04-23 20:00:31 +0800] [52331] [INFO] Booting worker with pid: 52331
[2022-04-23 20:00:31 +0800] [52332] [INFO] Booting worker with pid: 52332
[2022-04-23 20:00:36 +0800] [52319] [INFO] Handling signal: int
[2022-04-23 20:00:36 +0800] [52326] [INFO] Worker exiting (pid: 52326)
[2022-04-23 20:00:36 +0800] [52330] [INFO] Worker exiting (pid: 52330)
[2022-04-23 20:00:36 +0800] [52331] [INFO] Worker exiting (pid: 52331)
[2022-04-23 20:00:36 +0800] [52327] [INFO] Worker exiting (pid: 52327)
[2022-04-23 20:00:36 +0800] [52332] [INFO] Worker exiting (pid: 52332)
[2022-04-23 20:00:36 +0800] [52328] [INFO] Worker exiting (pid: 52328)
[2022-04-23 20:00:36 +0800] [52325] [INFO] Worker exiting (pid: 52325)
[2022-04-23 20:00:36 +0800] [52324] [INFO] Worker exiting (pid: 52324)
[2022-04-23 20:00:36 +0800] [52329] [INFO] Worker exiting (pid: 52329)
[2022-04-23 20:00:37 +0800] [52319] [INFO] Shutting down: Master
[2022-04-23 20:04:53 +0800] [53234] [INFO] Starting gunicorn 20.1.0
[2022-04-23 20:04:53 +0800] [53234] [INFO] Listening at: http://0.0.0.0:23456 (53234)
[2022-04-23 20:04:53 +0800] [53234] [INFO] Using worker: gevent
[2022-04-23 20:04:53 +0800] [53239] [INFO] Booting worker with pid: 53239
[2022-04-23 20:04:53 +0800] [53240] [INFO] Booting worker with pid: 53240
[2022-04-23 20:04:53 +0800] [53241] [INFO] Booting worker with pid: 53241
[2022-04-23 20:04:53 +0800] [53242] [INFO] Booting worker with pid: 53242
[2022-04-23 20:04:53 +0800] [53243] [INFO] Booting worker with pid: 53243
[2022-04-23 20:04:53 +0800] [53244] [INFO] Booting worker with pid: 53244
[2022-04-23 20:04:53 +0800] [53245] [INFO] Booting worker with pid: 53245
[2022-04-23 20:04:54 +0800] [53246] [INFO] Booting worker with pid: 53246
[2022-04-23 20:04:54 +0800] [53247] [INFO] Booting worker with pid: 53247
[2022-04-23 20:05:16 +0800] [53246] [INFO] Worker reloading: /Users/admin/PycharmProjects/flaskProject/app.py modified
[2022-04-23 20:05:16 +0800] [53246] [INFO] Worker exiting (pid: 53246)
[2022-04-23 20:05:16 +0800] [53247] [INFO] Worker reloading: /Users/admin/PycharmProjects/flaskProject/app.py modified
[2022-04-23 20:05:16 +0800] [53247] [INFO] Worker exiting (pid: 53247)
[2022-04-23 20:05:16 +0800] [53333] [INFO] Booting worker with pid: 53333
[2022-04-23 20:05:16 +0800] [53334] [INFO] Booting worker with pid: 53334
[2022-04-23 20:05:16 +0800] [53239] [INFO] Worker reloading: /Users/admin/PycharmProjects/flaskProject/app.py modified
[2022-04-23 20:05:16 +0800] [53239] [INFO] Worker exiting (pid: 53239)
[2022-04-23 20:05:16 +0800] [53240] [INFO] Worker reloading: /Users/admin/PycharmProjects/flaskProject/app.py modified
[2022-04-23 20:05:16 +0800] [53240] [INFO] Worker exiting (pid: 53240)
[2022-04-23 20:05:17 +0800] [53241] [INFO] Worker reloading: /Users/admin/PycharmProjects/flaskProject/app.py modified
[2022-04-23 20:05:17 +0800] [53241] [INFO] Worker exiting (pid: 53241)
[2022-04-23 20:05:17 +0800] [53242] [INFO] Worker reloading: /Users/admin/PycharmProjects/flaskProject/app.py modified
[2022-04-23 20:05:17 +0800] [53242] [INFO] Worker exiting (pid: 53242)
[2022-04-23 20:05:17 +0800] [53336] [INFO] Booting worker with pid: 53336
[2022-04-23 20:05:17 +0800] [53243] [INFO] Worker reloading: /Users/admin/PycharmProjects/flaskProject/app.py modified
[2022-04-23 20:05:17 +0800] [53243] [INFO] Worker exiting (pid: 53243)
[2022-04-23 20:05:17 +0800] [53244] [INFO] Worker reloading: /Users/admin/PycharmProjects/flaskProject/app.py modified
[2022-04-23 20:05:17 +0800] [53244] [INFO] Worker exiting (pid: 53244)
[2022-04-23 20:05:17 +0800] [53245] [INFO] Worker reloading: /Users/admin/PycharmProjects/flaskProject/app.py modified
[2022-04-23 20:05:17 +0800] [53245] [INFO] Worker exiting (pid: 53245)
[2022-04-23 20:05:17 +0800] [53338] [INFO] Booting worker with pid: 53338
[2022-04-23 20:05:17 +0800] [53339] [INFO] Booting worker with pid: 53339
[2022-04-23 20:05:17 +0800] [53340] [INFO] Booting worker with pid: 53340
[2022-04-23 20:05:17 +0800] [53341] [INFO] Booting worker with pid: 53341
[2022-04-23 20:05:17 +0800] [53342] [INFO] Booting worker with pid: 53342
[2022-04-23 20:05:17 +0800] [53347] [INFO] Booting worker with pid: 53347
[2022-04-23 20:05:35 +0800] [53336] [INFO] Worker reloading: /Users/admin/PycharmProjects/flaskProject/fluskmode/ssh_cli.py modified
[2022-04-23 20:05:35 +0800] [53336] [INFO] Worker exiting (pid: 53336)
[2022-04-23 20:05:35 +0800] [53421] [INFO] Booting worker with pid: 53421
[2022-04-23 20:05:35 +0800] [53338] [INFO] Worker reloading: /Users/admin/PycharmProjects/flaskProject/fluskmode/ssh_cli.py modified
[2022-04-23 20:05:35 +0800] [53338] [INFO] Worker exiting (pid: 53338)
[2022-04-23 20:05:35 +0800] [53339] [INFO] Worker reloading: /Users/admin/PycharmProjects/flaskProject/fluskmode/ssh_cli.py modified
[2022-04-23 20:05:35 +0800] [53339] [INFO] Worker exiting (pid: 53339)
[2022-04-23 20:05:35 +0800] [53423] [INFO] Booting worker with pid: 53423
[2022-04-23 20:05:35 +0800] [53333] [INFO] Worker reloading: /Users/admin/PycharmProjects/flaskProject/fluskmode/ssh_cli.py modified
[2022-04-23 20:05:35 +0800] [53333] [INFO] Worker exiting (pid: 53333)
[2022-04-23 20:05:35 +0800] [53340] [INFO] Worker reloading: /Users/admin/PycharmProjects/flaskProject/fluskmode/ssh_cli.py modified
[2022-04-23 20:05:35 +0800] [53340] [INFO] Worker exiting (pid: 53340)
[2022-04-23 20:05:35 +0800] [53341] [INFO] Worker reloading: /Users/admin/PycharmProjects/flaskProject/fluskmode/ssh_cli.py modified
[2022-04-23 20:05:35 +0800] [53341] [INFO] Worker exiting (pid: 53341)
[2022-04-23 20:05:35 +0800] [53334] [INFO] Worker reloading: /Users/admin/PycharmProjects/flaskProject/fluskmode/ssh_cli.py modified
[2022-04-23 20:05:35 +0800] [53334] [INFO] Worker exiting (pid: 53334)
[2022-04-23 20:05:35 +0800] [53342] [INFO] Worker reloading: /Users/admin/PycharmProjects/flaskProject/fluskmode/ssh_cli.py modified
[2022-04-23 20:05:35 +0800] [53342] [INFO] Worker exiting (pid: 53342)
[2022-04-23 20:05:35 +0800] [53347] [INFO] Worker reloading: /Users/admin/PycharmProjects/flaskProject/fluskmode/ssh_cli.py modified
[2022-04-23 20:05:35 +0800] [53347] [INFO] Worker exiting (pid: 53347)
[2022-04-23 20:05:35 +0800] [53424] [INFO] Booting worker with pid: 53424
[2022-04-23 20:05:35 +0800] [53425] [INFO] Booting worker with pid: 53425
[2022-04-23 20:05:35 +0800] [53426] [INFO] Booting worker with pid: 53426
[2022-04-23 20:05:36 +0800] [53427] [INFO] Booting worker with pid: 53427
[2022-04-23 20:05:36 +0800] [53428] [INFO] Booting worker with pid: 53428
[2022-04-23 20:05:36 +0800] [53429] [INFO] Booting worker with pid: 53429
[2022-04-23 20:05:36 +0800] [53430] [INFO] Booting worker with pid: 53430
[2022-04-23 20:05:55 +0800] [53427] [INFO] Worker reloading: /Users/admin/PycharmProjects/flaskProject/fluskmode/ssh_cli.py modified
[2022-04-23 20:05:55 +0800] [53427] [INFO] Worker exiting (pid: 53427)
[2022-04-23 20:05:55 +0800] [53428] [INFO] Worker reloading: /Users/admin/PycharmProjects/flaskProject/fluskmode/ssh_cli.py modified
[2022-04-23 20:05:55 +0800] [53428] [INFO] Worker exiting (pid: 53428)
[2022-04-23 20:05:55 +0800] [53429] [INFO] Worker reloading: /Users/admin/PycharmProjects/flaskProject/fluskmode/ssh_cli.py modified
[2022-04-23 20:05:55 +0800] [53429] [INFO] Worker exiting (pid: 53429)
[2022-04-23 20:05:55 +0800] [53489] [INFO] Booting worker with pid: 53489
[2022-04-23 20:05:55 +0800] [53430] [INFO] Worker reloading: /Users/admin/PycharmProjects/flaskProject/fluskmode/ssh_cli.py modified
[2022-04-23 20:05:55 +0800] [53430] [INFO] Worker exiting (pid: 53430)
[2022-04-23 20:05:55 +0800] [53490] [INFO] Booting worker with pid: 53490
[2022-04-23 20:05:55 +0800] [53491] [INFO] Booting worker with pid: 53491
[2022-04-23 20:05:55 +0800] [53421] [INFO] Worker reloading: /Users/admin/PycharmProjects/flaskProject/fluskmode/ssh_cli.py modified
[2022-04-23 20:05:55 +0800] [53421] [INFO] Worker exiting (pid: 53421)
[2022-04-23 20:05:55 +0800] [53492] [INFO] Booting worker with pid: 53492
[2022-04-23 20:05:55 +0800] [53493] [INFO] Booting worker with pid: 53493
[2022-04-23 20:05:55 +0800] [53423] [INFO] Worker reloading: /Users/admin/PycharmProjects/flaskProject/fluskmode/ssh_cli.py modified
[2022-04-23 20:05:55 +0800] [53423] [INFO] Worker exiting (pid: 53423)
[2022-04-23 20:05:55 +0800] [53495] [INFO] Booting worker with pid: 53495
[2022-04-23 20:05:56 +0800] [53424] [INFO] Worker reloading: /Users/admin/PycharmProjects/flaskProject/fluskmode/ssh_cli.py modified
[2022-04-23 20:05:56 +0800] [53424] [INFO] Worker exiting (pid: 53424)
[2022-04-23 20:05:56 +0800] [53425] [INFO] Worker reloading: /Users/admin/PycharmProjects/flaskProject/fluskmode/ssh_cli.py modified
[2022-04-23 20:05:56 +0800] [53425] [INFO] Worker exiting (pid: 53425)
[2022-04-23 20:05:56 +0800] [53426] [INFO] Worker reloading: /Users/admin/PycharmProjects/flaskProject/fluskmode/ssh_cli.py modified
[2022-04-23 20:05:56 +0800] [53426] [INFO] Worker exiting (pid: 53426)
[2022-04-23 20:05:56 +0800] [53504] [INFO] Booting worker with pid: 53504
[2022-04-23 20:05:56 +0800] [53509] [INFO] Booting worker with pid: 53509
[2022-04-23 20:05:56 +0800] [53513] [INFO] Booting worker with pid: 53513
[2022-04-23 20:05:56 +0800] [53493] [INFO] Worker reloading: /Users/admin/PycharmProjects/flaskProject/fluskmode/ssh_cli.py modified
[2022-04-23 20:05:56 +0800] [53493] [INFO] Worker exiting (pid: 53493)
[2022-04-23 20:05:56 +0800] [53517] [INFO] Booting worker with pid: 53517
[2022-04-23 20:05:56 +0800] [53495] [INFO] Worker reloading: /Users/admin/PycharmProjects/flaskProject/fluskmode/ssh_cli.py modified
[2022-04-23 20:05:56 +0800] [53495] [INFO] Worker exiting (pid: 53495)
[2022-04-23 20:05:57 +0800] [53519] [INFO] Booting worker with pid: 53519
[2022-04-23 20:05:57 +0800] [53504] [INFO] Worker reloading: /Users/admin/PycharmProjects/flaskProject/fluskmode/ssh_cli.py modified
[2022-04-23 20:05:57 +0800] [53504] [INFO] Worker exiting (pid: 53504)
[2022-04-23 20:05:57 +0800] [53509] [INFO] Worker reloading: /Users/admin/PycharmProjects/flaskProject/fluskmode/ssh_cli.py modified
[2022-04-23 20:05:57 +0800] [53509] [INFO] Worker exiting (pid: 53509)
[2022-04-23 20:05:57 +0800] [53520] [INFO] Booting worker with pid: 53520
[2022-04-23 20:05:57 +0800] [53513] [INFO] Worker reloading: /Users/admin/PycharmProjects/flaskProject/fluskmode/ssh_cli.py modified
[2022-04-23 20:05:57 +0800] [53513] [INFO] Worker exiting (pid: 53513)
[2022-04-23 20:05:57 +0800] [53523] [INFO] Booting worker with pid: 53523
[2022-04-23 20:05:57 +0800] [53489] [INFO] Worker reloading: /Users/admin/PycharmProjects/flaskProject/fluskmode/ssh_cli.py modified
[2022-04-23 20:05:57 +0800] [53489] [INFO] Worker exiting (pid: 53489)
[2022-04-23 20:05:57 +0800] [53490] [INFO] Worker reloading: /Users/admin/PycharmProjects/flaskProject/fluskmode/ssh_cli.py modified
[2022-04-23 20:05:57 +0800] [53490] [INFO] Worker exiting (pid: 53490)
[2022-04-23 20:05:57 +0800] [53524] [INFO] Booting worker with pid: 53524
[2022-04-23 20:05:57 +0800] [53491] [INFO] Worker reloading: /Users/admin/PycharmProjects/flaskProject/fluskmode/ssh_cli.py modified
[2022-04-23 20:05:57 +0800] [53491] [INFO] Worker exiting (pid: 53491)
[2022-04-23 20:05:57 +0800] [53525] [INFO] Booting worker with pid: 53525
[2022-04-23 20:05:57 +0800] [53492] [INFO] Worker reloading: /Users/admin/PycharmProjects/flaskProject/fluskmode/ssh_cli.py modified
[2022-04-23 20:05:57 +0800] [53492] [INFO] Worker exiting (pid: 53492)
[2022-04-23 20:05:57 +0800] [53526] [INFO] Booting worker with pid: 53526
[2022-04-23 20:05:57 +0800] [53527] [INFO] Booting worker with pid: 53527
[2022-04-23 20:05:57 +0800] [53528] [INFO] Booting worker with pid: 53528
[2022-04-23 20:06:01 +0800] [53234] [INFO] Handling signal: int
[2022-04-23 20:06:01 +0800] [53527] [INFO] Worker exiting (pid: 53527)
[2022-04-23 20:06:01 +0800] [53528] [INFO] Worker exiting (pid: 53528)
[2022-04-23 20:06:01 +0800] [53519] [INFO] Worker exiting (pid: 53519)
[2022-04-23 20:06:01 +0800] [53525] [INFO] Worker exiting (pid: 53525)
[2022-04-23 20:06:01 +0800] [53523] [INFO] Worker exiting (pid: 53523)
[2022-04-23 20:06:01 +0800] [53524] [INFO] Worker exiting (pid: 53524)
[2022-04-23 20:06:01 +0800] [53517] [INFO] Worker exiting (pid: 53517)
[2022-04-23 20:06:01 +0800] [53520] [INFO] Worker exiting (pid: 53520)
[2022-04-23 20:06:01 +0800] [53526] [INFO] Worker exiting (pid: 53526)
[2022-04-23 20:06:02 +0800] [53234] [INFO] Shutting down: Master
[2022-04-23 20:06:04 +0800] [53549] [INFO] Starting gunicorn 20.1.0
[2022-04-23 20:06:04 +0800] [53549] [INFO] Listening at: http://0.0.0.0:23456 (53549)
[2022-04-23 20:06:04 +0800] [53549] [INFO] Using worker: gevent
[2022-04-23 20:06:04 +0800] [53559] [INFO] Booting worker with pid: 53559
[2022-04-23 20:06:04 +0800] [53560] [INFO] Booting worker with pid: 53560
[2022-04-23 20:06:04 +0800] [53561] [INFO] Booting worker with pid: 53561
[2022-04-23 20:06:04 +0800] [53562] [INFO] Booting worker with pid: 53562
[2022-04-23 20:06:04 +0800] [53563] [INFO] Booting worker with pid: 53563
[2022-04-23 20:06:04 +0800] [53564] [INFO] Booting worker with pid: 53564
[2022-04-23 20:06:04 +0800] [53565] [INFO] Booting worker with pid: 53565
[2022-04-23 20:06:04 +0800] [53566] [INFO] Booting worker with pid: 53566
[2022-04-23 20:06:04 +0800] [53567] [INFO] Booting worker with pid: 53567
[2022-04-23 20:06:14 +0800] [53549] [INFO] Handling signal: int
[2022-04-23 20:06:14 +0800] [53563] [INFO] Worker exiting (pid: 53563)
[2022-04-23 20:06:14 +0800] [53567] [INFO] Worker exiting (pid: 53567)
[2022-04-23 20:06:15 +0800] [53565] [INFO] Worker exiting (pid: 53565)
[2022-04-23 20:06:14 +0800] [53564] [INFO] Worker exiting (pid: 53564)
[2022-04-23 20:06:15 +0800] [53562] [INFO] Worker exiting (pid: 53562)
[2022-04-23 20:06:15 +0800] [53560] [INFO] Worker exiting (pid: 53560)
[2022-04-23 20:06:15 +0800] [53566] [INFO] Worker exiting (pid: 53566)
[2022-04-23 20:06:15 +0800] [53561] [INFO] Worker exiting (pid: 53561)
[2022-04-23 20:06:15 +0800] [53559] [INFO] Worker exiting (pid: 53559)
[2022-04-23 20:06:15 +0800] [53549] [INFO] Shutting down: Master
